[0.565s] Invoking command in '/home/robot/ros_ws/src/pkg_website_beerpong': AMENT_PREFIX_PATH=/home/robot/ros_ws/install/select_table_interfaces:${AMENT_PREFIX_PATH} CMAKE_PREFIX_PATH=/home/robot/ros_ws/install/select_table_interfaces:${CMAKE_PREFIX_PATH} LD_LIBRARY_PATH=/home/robot/ros_ws/install/select_table_interfaces/lib:${LD_LIBRARY_PATH} PYTHONPATH=/home/robot/ros_ws/build/pkg_website_beerpong/prefix_override:/home/robot/ros_ws/install/pkg_website_beerpong/lib/python3.10/site-packages:/home/robot/ros_ws/install/select_table_interfaces/local/lib/python3.10/dist-packages:${PYTHONPATH} /usr/bin/python3 setup.py egg_info --egg-base ../../build/pkg_website_beerpong build --build-base /home/robot/ros_ws/build/pkg_website_beerpong/build install --record /home/robot/ros_ws/build/pkg_website_beerpong/install.log --single-version-externally-managed
[0.799s] running egg_info
[0.800s] creating ../../build/pkg_website_beerpong/pkg_website_beerpong.egg-info
[0.801s] writing ../../build/pkg_website_beerpong/pkg_website_beerpong.egg-info/PKG-INFO
[0.801s] writing dependency_links to ../../build/pkg_website_beerpong/pkg_website_beerpong.egg-info/dependency_links.txt
[0.801s] writing entry points to ../../build/pkg_website_beerpong/pkg_website_beerpong.egg-info/entry_points.txt
[0.801s] writing requirements to ../../build/pkg_website_beerpong/pkg_website_beerpong.egg-info/requires.txt
[0.801s] writing top-level names to ../../build/pkg_website_beerpong/pkg_website_beerpong.egg-info/top_level.txt
[0.801s] writing manifest file '../../build/pkg_website_beerpong/pkg_website_beerpong.egg-info/SOURCES.txt'
[0.804s] reading manifest file '../../build/pkg_website_beerpong/pkg_website_beerpong.egg-info/SOURCES.txt'
[0.804s] adding license file 'LICENSE'
[0.804s] writing manifest file '../../build/pkg_website_beerpong/pkg_website_beerpong.egg-info/SOURCES.txt'
[0.805s] running build
[0.805s] running build_py
[0.805s] creating /home/robot/ros_ws/build/pkg_website_beerpong/build
[0.805s] creating /home/robot/ros_ws/build/pkg_website_beerpong/build/lib
[0.806s] creating /home/robot/ros_ws/build/pkg_website_beerpong/build/lib/pkg_website_beerpong
[0.806s] copying pkg_website_beerpong/website_beerpong.py -> /home/robot/ros_ws/build/pkg_website_beerpong/build/lib/pkg_website_beerpong
[0.806s] copying pkg_website_beerpong/app.py -> /home/robot/ros_ws/build/pkg_website_beerpong/build/lib/pkg_website_beerpong
[0.806s] copying pkg_website_beerpong/SelectTableService.py -> /home/robot/ros_ws/build/pkg_website_beerpong/build/lib/pkg_website_beerpong
[0.806s] copying pkg_website_beerpong/SelectTableServer.py -> /home/robot/ros_ws/build/pkg_website_beerpong/build/lib/pkg_website_beerpong
[0.806s] copying pkg_website_beerpong/SelectTablePublisher.py -> /home/robot/ros_ws/build/pkg_website_beerpong/build/lib/pkg_website_beerpong
[0.806s] copying pkg_website_beerpong/__init__.py -> /home/robot/ros_ws/build/pkg_website_beerpong/build/lib/pkg_website_beerpong
[0.806s] copying pkg_website_beerpong/SelectedTable.py -> /home/robot/ros_ws/build/pkg_website_beerpong/build/lib/pkg_website_beerpong
[0.807s] /usr/lib/python3/dist-packages/setuptools/command/install.py:34: SetuptoolsDeprecationWarning: setup.py install is deprecated. Use build and pip and other standards-based tools.
[0.807s]   warnings.warn(
[0.807s] running install
[0.807s] running install_lib
[0.808s] creating /home/robot/ros_ws/install/pkg_website_beerpong/lib/python3.10/site-packages/pkg_website_beerpong
[0.808s] copying /home/robot/ros_ws/build/pkg_website_beerpong/build/lib/pkg_website_beerpong/website_beerpong.py -> /home/robot/ros_ws/install/pkg_website_beerpong/lib/python3.10/site-packages/pkg_website_beerpong
[0.808s] copying /home/robot/ros_ws/build/pkg_website_beerpong/build/lib/pkg_website_beerpong/app.py -> /home/robot/ros_ws/install/pkg_website_beerpong/lib/python3.10/site-packages/pkg_website_beerpong
[0.808s] copying /home/robot/ros_ws/build/pkg_website_beerpong/build/lib/pkg_website_beerpong/SelectTableService.py -> /home/robot/ros_ws/install/pkg_website_beerpong/lib/python3.10/site-packages/pkg_website_beerpong
[0.808s] copying /home/robot/ros_ws/build/pkg_website_beerpong/build/lib/pkg_website_beerpong/SelectTableServer.py -> /home/robot/ros_ws/install/pkg_website_beerpong/lib/python3.10/site-packages/pkg_website_beerpong
[0.809s] copying /home/robot/ros_ws/build/pkg_website_beerpong/build/lib/pkg_website_beerpong/SelectTablePublisher.py -> /home/robot/ros_ws/install/pkg_website_beerpong/lib/python3.10/site-packages/pkg_website_beerpong
[0.809s] copying /home/robot/ros_ws/build/pkg_website_beerpong/build/lib/pkg_website_beerpong/__init__.py -> /home/robot/ros_ws/install/pkg_website_beerpong/lib/python3.10/site-packages/pkg_website_beerpong
[0.809s] copying /home/robot/ros_ws/build/pkg_website_beerpong/build/lib/pkg_website_beerpong/SelectedTable.py -> /home/robot/ros_ws/install/pkg_website_beerpong/lib/python3.10/site-packages/pkg_website_beerpong
[0.809s] byte-compiling /home/robot/ros_ws/install/pkg_website_beerpong/lib/python3.10/site-packages/pkg_website_beerpong/website_beerpong.py to website_beerpong.cpython-310.pyc
[0.810s] byte-compiling /home/robot/ros_ws/install/pkg_website_beerpong/lib/python3.10/site-packages/pkg_website_beerpong/app.py to app.cpython-310.pyc
[0.810s] byte-compiling /home/robot/ros_ws/install/pkg_website_beerpong/lib/python3.10/site-packages/pkg_website_beerpong/SelectTableService.py to SelectTableService.cpython-310.pyc
[0.811s] byte-compiling /home/robot/ros_ws/install/pkg_website_beerpong/lib/python3.10/site-packages/pkg_website_beerpong/SelectTableServer.py to SelectTableServer.cpython-310.pyc
[0.811s] byte-compiling /home/robot/ros_ws/install/pkg_website_beerpong/lib/python3.10/site-packages/pkg_website_beerpong/SelectTablePublisher.py to SelectTablePublisher.cpython-310.pyc
[0.812s] byte-compiling /home/robot/ros_ws/install/pkg_website_beerpong/lib/python3.10/site-packages/pkg_website_beerpong/__init__.py to __init__.cpython-310.pyc
[0.812s] byte-compiling /home/robot/ros_ws/install/pkg_website_beerpong/lib/python3.10/site-packages/pkg_website_beerpong/SelectedTable.py to SelectedTable.cpython-310.pyc
[0.812s] running install_data
[0.813s] creating /home/robot/ros_ws/install/pkg_website_beerpong/share/ament_index
[0.813s] creating /home/robot/ros_ws/install/pkg_website_beerpong/share/ament_index/resource_index
[0.813s] creating /home/robot/ros_ws/install/pkg_website_beerpong/share/ament_index/resource_index/packages
[0.813s] copying resource/pkg_website_beerpong -> /home/robot/ros_ws/install/pkg_website_beerpong/share/ament_index/resource_index/packages
[0.813s] copying package.xml -> /home/robot/ros_ws/install/pkg_website_beerpong/share/pkg_website_beerpong
[0.814s] running install_egg_info
[0.817s] Copying ../../build/pkg_website_beerpong/pkg_website_beerpong.egg-info to /home/robot/ros_ws/install/pkg_website_beerpong/lib/python3.10/site-packages/pkg_website_beerpong-0.0.0-py3.10.egg-info
[0.819s] running install_scripts
[0.850s] Installing website_beerpong script to /home/robot/ros_ws/install/pkg_website_beerpong/lib/pkg_website_beerpong
[0.850s] writing list of installed files to '/home/robot/ros_ws/build/pkg_website_beerpong/install.log'
[0.892s] Invoked command in '/home/robot/ros_ws/src/pkg_website_beerpong' returned '0': AMENT_PREFIX_PATH=/home/robot/ros_ws/install/select_table_interfaces:${AMENT_PREFIX_PATH} CMAKE_PREFIX_PATH=/home/robot/ros_ws/install/select_table_interfaces:${CMAKE_PREFIX_PATH} LD_LIBRARY_PATH=/home/robot/ros_ws/install/select_table_interfaces/lib:${LD_LIBRARY_PATH} PYTHONPATH=/home/robot/ros_ws/build/pkg_website_beerpong/prefix_override:/home/robot/ros_ws/install/pkg_website_beerpong/lib/python3.10/site-packages:/home/robot/ros_ws/install/select_table_interfaces/local/lib/python3.10/dist-packages:${PYTHONPATH} /usr/bin/python3 setup.py egg_info --egg-base ../../build/pkg_website_beerpong build --build-base /home/robot/ros_ws/build/pkg_website_beerpong/build install --record /home/robot/ros_ws/build/pkg_website_beerpong/install.log --single-version-externally-managed
