[0.416s] DEBUG:colcon:Command line arguments: ['/usr/bin/colcon', 'build']
[0.416s] DEBUG:colcon:Parsed command line arguments: Namespace(log_base=None, log_level=None, verb_name='build', build_base='build', install_base='install', merge_install=False, symlink_install=False, test_result_base=None, continue_on_error=False, executor='parallel', parallel_workers=12, event_handlers=None, ignore_user_meta=False, metas=['./colcon.meta'], base_paths=['.'], packages_ignore=None, packages_ignore_regex=None, paths=None, packages_up_to=None, packages_up_to_regex=None, packages_above=None, packages_above_and_dependencies=None, packages_above_depth=None, packages_select_by_dep=None, packages_skip_by_dep=None, packages_skip_up_to=None, packages_select_build_failed=False, packages_skip_build_finished=False, packages_select_test_failures=False, packages_skip_test_passed=False, packages_select=None, packages_skip=None, packages_select_regex=None, packages_skip_regex=None, packages_start=None, packages_end=None, cmake_args=None, cmake_target=None, cmake_target_skip_unavailable=False, cmake_clean_cache=False, cmake_clean_first=False, cmake_force_configure=False, ament_cmake_args=None, catkin_cmake_args=None, catkin_skip_building_tests=False, mixin_files=None, mixin=None, verb_parser=<colcon_mixin.mixin.mixin_argument.MixinArgumentDecorator object at 0x7f5d69ccf040>, verb_extension=<colcon_core.verb.build.BuildVerb object at 0x7f5d6a4b3760>, main=<bound method BuildVerb.main of <colcon_core.verb.build.BuildVerb object at 0x7f5d6a4b3760>>, mixin_verb=('build',))
[0.471s] Level 1:colcon.colcon_core.package_discovery:discover_packages(colcon_meta) check parameters
[0.471s] Level 1:colcon.colcon_core.package_discovery:discover_packages(recursive) check parameters
[0.471s] Level 1:colcon.colcon_core.package_discovery:discover_packages(ignore) check parameters
[0.471s] Level 1:colcon.colcon_core.package_discovery:discover_packages(path) check parameters
[0.471s] Level 1:colcon.colcon_core.package_discovery:discover_packages(colcon_meta) discover
[0.471s] Level 1:colcon.colcon_core.package_discovery:discover_packages(recursive) discover
[0.471s] INFO:colcon.colcon_core.package_discovery:Crawling recursively for packages in '/home/robot/ros_ws'
[0.472s] Level 1:colcon.colcon_core.package_identification:_identify(.) by extensions ['ignore', 'ignore_ament_install']
[0.472s] Level 1:colcon.colcon_core.package_identification:_identify(.) by extension 'ignore'
[0.472s] Level 1:colcon.colcon_core.package_identification:_identify(.) by extension 'ignore_ament_install'
[0.472s] Level 1:colcon.colcon_core.package_identification:_identify(.) by extensions ['colcon_pkg']
[0.472s] Level 1:colcon.colcon_core.package_identification:_identify(.) by extension 'colcon_pkg'
[0.472s] Level 1:colcon.colcon_core.package_identification:_identify(.) by extensions ['colcon_meta']
[0.472s] Level 1:colcon.colcon_core.package_identification:_identify(.) by extension 'colcon_meta'
[0.472s] Level 1:colcon.colcon_core.package_identification:_identify(.) by extensions ['ros']
[0.472s] Level 1:colcon.colcon_core.package_identification:_identify(.) by extension 'ros'
[0.483s] Level 1:colcon.colcon_core.package_identification:_identify(.) by extensions ['cmake', 'python']
[0.483s] Level 1:colcon.colcon_core.package_identification:_identify(.) by extension 'cmake'
[0.483s] Level 1:colcon.colcon_core.package_identification:_identify(.) by extension 'python'
[0.483s] Level 1:colcon.colcon_core.package_identification:_identify(.) by extensions ['python_setup_py']
[0.483s] Level 1:colcon.colcon_core.package_identification:_identify(.) by extension 'python_setup_py'
[0.483s] Level 1:colcon.colcon_core.package_identification:_identify(build) by extensions ['ignore', 'ignore_ament_install']
[0.483s] Level 1:colcon.colcon_core.package_identification:_identify(build) by extension 'ignore'
[0.483s] Level 1:colcon.colcon_core.package_identification:_identify(build) ignored
[0.484s] Level 1:colcon.colcon_core.package_identification:_identify(install) by extensions ['ignore', 'ignore_ament_install']
[0.484s] Level 1:colcon.colcon_core.package_identification:_identify(install) by extension 'ignore'
[0.484s] Level 1:colcon.colcon_core.package_identification:_identify(install) ignored
[0.484s] Level 1:colcon.colcon_core.package_identification:_identify(log) by extensions ['ignore', 'ignore_ament_install']
[0.484s] Level 1:colcon.colcon_core.package_identification:_identify(log) by extension 'ignore'
[0.484s] Level 1:colcon.colcon_core.package_identification:_identify(log) ignored
[0.484s] Level 1:colcon.colcon_core.package_identification:_identify(src) by extensions ['ignore', 'ignore_ament_install']
[0.484s] Level 1:colcon.colcon_core.package_identification:_identify(src) by extension 'ignore'
[0.484s] Level 1:colcon.colcon_core.package_identification:_identify(src) by extension 'ignore_ament_install'
[0.484s] Level 1:colcon.colcon_core.package_identification:_identify(src) by extensions ['colcon_pkg']
[0.485s] Level 1:colcon.colcon_core.package_identification:_identify(src) by extension 'colcon_pkg'
[0.485s] Level 1:colcon.colcon_core.package_identification:_identify(src) by extensions ['colcon_meta']
[0.485s] Level 1:colcon.colcon_core.package_identification:_identify(src) by extension 'colcon_meta'
[0.485s] Level 1:colcon.colcon_core.package_identification:_identify(src) by extensions ['ros']
[0.485s] Level 1:colcon.colcon_core.package_identification:_identify(src) by extension 'ros'
[0.485s] Level 1:colcon.colcon_core.package_identification:_identify(src) by extensions ['cmake', 'python']
[0.485s] Level 1:colcon.colcon_core.package_identification:_identify(src) by extension 'cmake'
[0.485s] Level 1:colcon.colcon_core.package_identification:_identify(src) by extension 'python'
[0.485s] Level 1:colcon.colcon_core.package_identification:_identify(src) by extensions ['python_setup_py']
[0.485s] Level 1:colcon.colcon_core.package_identification:_identify(src) by extension 'python_setup_py'
[0.485s] Level 1:colcon.colcon_core.package_identification:_identify(src/build) by extensions ['ignore', 'ignore_ament_install']
[0.485s] Level 1:colcon.colcon_core.package_identification:_identify(src/build) by extension 'ignore'
[0.485s] Level 1:colcon.colcon_core.package_identification:_identify(src/build) ignored
[0.486s] Level 1:colcon.colcon_core.package_identification:_identify(src/install) by extensions ['ignore', 'ignore_ament_install']
[0.486s] Level 1:colcon.colcon_core.package_identification:_identify(src/install) by extension 'ignore'
[0.486s] Level 1:colcon.colcon_core.package_identification:_identify(src/install) ignored
[0.486s] Level 1:colcon.colcon_core.package_identification:_identify(src/log) by extensions ['ignore', 'ignore_ament_install']
[0.486s] Level 1:colcon.colcon_core.package_identification:_identify(src/log) by extension 'ignore'
[0.486s] Level 1:colcon.colcon_core.package_identification:_identify(src/log) ignored
[0.486s] Level 1:colcon.colcon_core.package_identification:_identify(src/pkg_website_beerpong) by extensions ['ignore', 'ignore_ament_install']
[0.486s] Level 1:colcon.colcon_core.package_identification:_identify(src/pkg_website_beerpong) by extension 'ignore'
[0.486s] Level 1:colcon.colcon_core.package_identification:_identify(src/pkg_website_beerpong) by extension 'ignore_ament_install'
[0.486s] Level 1:colcon.colcon_core.package_identification:_identify(src/pkg_website_beerpong) by extensions ['colcon_pkg']
[0.487s] Level 1:colcon.colcon_core.package_identification:_identify(src/pkg_website_beerpong) by extension 'colcon_pkg'
[0.487s] Level 1:colcon.colcon_core.package_identification:_identify(src/pkg_website_beerpong) by extensions ['colcon_meta']
[0.487s] Level 1:colcon.colcon_core.package_identification:_identify(src/pkg_website_beerpong) by extension 'colcon_meta'
[0.487s] Level 1:colcon.colcon_core.package_identification:_identify(src/pkg_website_beerpong) by extensions ['ros']
[0.487s] Level 1:colcon.colcon_core.package_identification:_identify(src/pkg_website_beerpong) by extension 'ros'
[0.491s] DEBUG:colcon.colcon_core.package_identification:Package 'src/pkg_website_beerpong' with type 'ros.ament_python' and name 'pkg_website_beerpong'
[0.491s] Level 1:colcon.colcon_core.package_identification:_identify(src/r2e_tutorial) by extensions ['ignore', 'ignore_ament_install']
[0.492s] Level 1:colcon.colcon_core.package_identification:_identify(src/r2e_tutorial) by extension 'ignore'
[0.492s] Level 1:colcon.colcon_core.package_identification:_identify(src/r2e_tutorial) by extension 'ignore_ament_install'
[0.492s] Level 1:colcon.colcon_core.package_identification:_identify(src/r2e_tutorial) by extensions ['colcon_pkg']
[0.492s] Level 1:colcon.colcon_core.package_identification:_identify(src/r2e_tutorial) by extension 'colcon_pkg'
[0.492s] Level 1:colcon.colcon_core.package_identification:_identify(src/r2e_tutorial) by extensions ['colcon_meta']
[0.492s] Level 1:colcon.colcon_core.package_identification:_identify(src/r2e_tutorial) by extension 'colcon_meta'
[0.492s] Level 1:colcon.colcon_core.package_identification:_identify(src/r2e_tutorial) by extensions ['ros']
[0.492s] Level 1:colcon.colcon_core.package_identification:_identify(src/r2e_tutorial) by extension 'ros'
[0.493s] DEBUG:colcon.colcon_core.package_identification:Package 'src/r2e_tutorial' with type 'ros.ament_python' and name 'r2e_tutorial'
[0.493s] Level 1:colcon.colcon_core.package_identification:_identify(src/select_table_interfaces) by extensions ['ignore', 'ignore_ament_install']
[0.493s] Level 1:colcon.colcon_core.package_identification:_identify(src/select_table_interfaces) by extension 'ignore'
[0.493s] Level 1:colcon.colcon_core.package_identification:_identify(src/select_table_interfaces) by extension 'ignore_ament_install'
[0.493s] Level 1:colcon.colcon_core.package_identification:_identify(src/select_table_interfaces) by extensions ['colcon_pkg']
[0.493s] Level 1:colcon.colcon_core.package_identification:_identify(src/select_table_interfaces) by extension 'colcon_pkg'
[0.493s] Level 1:colcon.colcon_core.package_identification:_identify(src/select_table_interfaces) by extensions ['colcon_meta']
[0.493s] Level 1:colcon.colcon_core.package_identification:_identify(src/select_table_interfaces) by extension 'colcon_meta'
[0.493s] Level 1:colcon.colcon_core.package_identification:_identify(src/select_table_interfaces) by extensions ['ros']
[0.493s] Level 1:colcon.colcon_core.package_identification:_identify(src/select_table_interfaces) by extension 'ros'
[0.494s] DEBUG:colcon.colcon_core.package_identification:Package 'src/select_table_interfaces' with type 'ros.ament_cmake' and name 'select_table_interfaces'
[0.494s] Level 1:colcon.colcon_core.package_discovery:discover_packages(recursive) using defaults
[0.494s] Level 1:colcon.colcon_core.package_discovery:discover_packages(ignore) discover
[0.494s] Level 1:colcon.colcon_core.package_discovery:discover_packages(ignore) using defaults
[0.494s] Level 1:colcon.colcon_core.package_discovery:discover_packages(path) discover
[0.494s] Level 1:colcon.colcon_core.package_discovery:discover_packages(path) using defaults
[0.537s] Level 5:colcon.colcon_core.verb:set package 'r2e_tutorial' build argument 'cmake_args' from command line to 'None'
[0.537s] Level 5:colcon.colcon_core.verb:set package 'r2e_tutorial' build argument 'cmake_target' from command line to 'None'
[0.538s] Level 5:colcon.colcon_core.verb:set package 'r2e_tutorial' build argument 'cmake_target_skip_unavailable' from command line to 'False'
[0.538s] Level 5:colcon.colcon_core.verb:set package 'r2e_tutorial' build argument 'cmake_clean_cache' from command line to 'False'
[0.538s] Level 5:colcon.colcon_core.verb:set package 'r2e_tutorial' build argument 'cmake_clean_first' from command line to 'False'
[0.538s] Level 5:colcon.colcon_core.verb:set package 'r2e_tutorial' build argument 'cmake_force_configure' from command line to 'False'
[0.538s] Level 5:colcon.colcon_core.verb:set package 'r2e_tutorial' build argument 'ament_cmake_args' from command line to 'None'
[0.538s] Level 5:colcon.colcon_core.verb:set package 'r2e_tutorial' build argument 'catkin_cmake_args' from command line to 'None'
[0.538s] Level 5:colcon.colcon_core.verb:set package 'r2e_tutorial' build argument 'catkin_skip_building_tests' from command line to 'False'
[0.538s] DEBUG:colcon.colcon_core.verb:Building package 'r2e_tutorial' with the following arguments: {'ament_cmake_args': None, 'build_base': '/home/robot/ros_ws/build/r2e_tutorial', 'catkin_cmake_args': None, 'catkin_skip_building_tests': False, 'cmake_args': None, 'cmake_clean_cache': False, 'cmake_clean_first': False, 'cmake_force_configure': False, 'cmake_target': None, 'cmake_target_skip_unavailable': False, 'install_base': '/home/robot/ros_ws/install/r2e_tutorial', 'merge_install': False, 'path': '/home/robot/ros_ws/src/r2e_tutorial', 'symlink_install': False, 'test_result_base': None}
[0.540s] Level 5:colcon.colcon_core.verb:set package 'select_table_interfaces' build argument 'cmake_args' from command line to 'None'
[0.540s] Level 5:colcon.colcon_core.verb:set package 'select_table_interfaces' build argument 'cmake_target' from command line to 'None'
[0.540s] Level 5:colcon.colcon_core.verb:set package 'select_table_interfaces' build argument 'cmake_target_skip_unavailable' from command line to 'False'
[0.540s] Level 5:colcon.colcon_core.verb:set package 'select_table_interfaces' build argument 'cmake_clean_cache' from command line to 'False'
[0.540s] Level 5:colcon.colcon_core.verb:set package 'select_table_interfaces' build argument 'cmake_clean_first' from command line to 'False'
[0.540s] Level 5:colcon.colcon_core.verb:set package 'select_table_interfaces' build argument 'cmake_force_configure' from command line to 'False'
[0.540s] Level 5:colcon.colcon_core.verb:set package 'select_table_interfaces' build argument 'ament_cmake_args' from command line to 'None'
[0.540s] Level 5:colcon.colcon_core.verb:set package 'select_table_interfaces' build argument 'catkin_cmake_args' from command line to 'None'
[0.540s] Level 5:colcon.colcon_core.verb:set package 'select_table_interfaces' build argument 'catkin_skip_building_tests' from command line to 'False'
[0.540s] DEBUG:colcon.colcon_core.verb:Building package 'select_table_interfaces' with the following arguments: {'ament_cmake_args': None, 'build_base': '/home/robot/ros_ws/build/select_table_interfaces', 'catkin_cmake_args': None, 'catkin_skip_building_tests': False, 'cmake_args': None, 'cmake_clean_cache': False, 'cmake_clean_first': False, 'cmake_force_configure': False, 'cmake_target': None, 'cmake_target_skip_unavailable': False, 'install_base': '/home/robot/ros_ws/install/select_table_interfaces', 'merge_install': False, 'path': '/home/robot/ros_ws/src/select_table_interfaces', 'symlink_install': False, 'test_result_base': None}
[0.542s] Level 5:colcon.colcon_core.verb:set package 'pkg_website_beerpong' build argument 'cmake_args' from command line to 'None'
[0.542s] Level 5:colcon.colcon_core.verb:set package 'pkg_website_beerpong' build argument 'cmake_target' from command line to 'None'
[0.542s] Level 5:colcon.colcon_core.verb:set package 'pkg_website_beerpong' build argument 'cmake_target_skip_unavailable' from command line to 'False'
[0.542s] Level 5:colcon.colcon_core.verb:set package 'pkg_website_beerpong' build argument 'cmake_clean_cache' from command line to 'False'
[0.543s] Level 5:colcon.colcon_core.verb:set package 'pkg_website_beerpong' build argument 'cmake_clean_first' from command line to 'False'
[0.543s] Level 5:colcon.colcon_core.verb:set package 'pkg_website_beerpong' build argument 'cmake_force_configure' from command line to 'False'
[0.543s] Level 5:colcon.colcon_core.verb:set package 'pkg_website_beerpong' build argument 'ament_cmake_args' from command line to 'None'
[0.543s] Level 5:colcon.colcon_core.verb:set package 'pkg_website_beerpong' build argument 'catkin_cmake_args' from command line to 'None'
[0.543s] Level 5:colcon.colcon_core.verb:set package 'pkg_website_beerpong' build argument 'catkin_skip_building_tests' from command line to 'False'
[0.543s] DEBUG:colcon.colcon_core.verb:Building package 'pkg_website_beerpong' with the following arguments: {'ament_cmake_args': None, 'build_base': '/home/robot/ros_ws/build/pkg_website_beerpong', 'catkin_cmake_args': None, 'catkin_skip_building_tests': False, 'cmake_args': None, 'cmake_clean_cache': False, 'cmake_clean_first': False, 'cmake_force_configure': False, 'cmake_target': None, 'cmake_target_skip_unavailable': False, 'install_base': '/home/robot/ros_ws/install/pkg_website_beerpong', 'merge_install': False, 'path': '/home/robot/ros_ws/src/pkg_website_beerpong', 'symlink_install': False, 'test_result_base': None}
[0.544s] INFO:colcon.colcon_core.executor:Executing jobs using 'parallel' executor
[0.550s] DEBUG:colcon.colcon_parallel_executor.executor.parallel:run_until_complete
[0.550s] INFO:colcon.colcon_ros.task.ament_cmake.build:Building ROS package in '/home/robot/ros_ws/src/select_table_interfaces' with build type 'ament_cmake'
[0.551s] INFO:colcon.colcon_cmake.task.cmake.build:Building CMake package in '/home/robot/ros_ws/src/select_table_interfaces'
[0.557s] INFO:colcon.colcon_core.plugin_system:Skipping extension 'colcon_core.shell.bat': Not used on non-Windows systems
[0.557s] INFO:colcon.colcon_core.shell:Skip shell extension 'powershell' for command environment: Not usable outside of PowerShell
[0.557s] DEBUG:colcon.colcon_core.shell:Skip shell extension 'dsv' for command environment
[0.568s] INFO:colcon.colcon_ros.task.ament_python.build:Building ROS package in '/home/robot/ros_ws/src/r2e_tutorial' with build type 'ament_python'
[0.568s] Level 1:colcon.colcon_core.shell:create_environment_hook('r2e_tutorial', 'ament_prefix_path')
[0.570s] INFO:colcon.colcon_core.shell:Creating environment hook '/home/robot/ros_ws/install/r2e_tutorial/share/r2e_tutorial/hook/ament_prefix_path.ps1'
[0.571s] INFO:colcon.colcon_core.shell:Creating environment descriptor '/home/robot/ros_ws/install/r2e_tutorial/share/r2e_tutorial/hook/ament_prefix_path.dsv'
[0.571s] INFO:colcon.colcon_core.shell:Creating environment hook '/home/robot/ros_ws/install/r2e_tutorial/share/r2e_tutorial/hook/ament_prefix_path.sh'
[0.574s] INFO:colcon.colcon_core.shell:Skip shell extension 'powershell' for command environment: Not usable outside of PowerShell
[0.574s] DEBUG:colcon.colcon_core.shell:Skip shell extension 'dsv' for command environment
[0.587s] DEBUG:colcon.colcon_core.event_handler.log_command:Invoking command in '/home/robot/ros_ws/build/select_table_interfaces': CMAKE_PREFIX_PATH=${CMAKE_PREFIX_PATH}:/opt/ros_dependencies/install/ros_environment:/opt/ros/humble /usr/bin/cmake --build /home/robot/ros_ws/build/select_table_interfaces -- -j12 -l12
[0.949s] INFO:colcon.colcon_core.task.python.build:Building Python package in '/home/robot/ros_ws/src/r2e_tutorial'
[0.951s] INFO:colcon.colcon_core.shell:Skip shell extension 'powershell' for command environment: Not usable outside of PowerShell
[0.951s] DEBUG:colcon.colcon_core.shell:Skip shell extension 'dsv' for command environment
[1.241s] DEBUG:colcon.colcon_core.event_handler.log_command:Invoked command in '/home/robot/ros_ws/build/select_table_interfaces' returned '0': CMAKE_PREFIX_PATH=${CMAKE_PREFIX_PATH}:/opt/ros_dependencies/install/ros_environment:/opt/ros/humble /usr/bin/cmake --build /home/robot/ros_ws/build/select_table_interfaces -- -j12 -l12
[1.378s] DEBUG:colcon.colcon_core.event_handler.log_command:Invoking command in '/home/robot/ros_ws/build/select_table_interfaces': CMAKE_PREFIX_PATH=${CMAKE_PREFIX_PATH}:/opt/ros_dependencies/install/ros_environment:/opt/ros/humble /usr/bin/cmake --install /home/robot/ros_ws/build/select_table_interfaces
[1.475s] Level 1:colcon.colcon_core.environment:create_environment_scripts_only(select_table_interfaces)
[1.476s] DEBUG:colcon.colcon_core.event_handler.log_command:Invoked command in '/home/robot/ros_ws/build/select_table_interfaces' returned '0': CMAKE_PREFIX_PATH=${CMAKE_PREFIX_PATH}:/opt/ros_dependencies/install/ros_environment:/opt/ros/humble /usr/bin/cmake --install /home/robot/ros_ws/build/select_table_interfaces
[1.484s] Level 1:colcon.colcon_core.environment:checking '/home/robot/ros_ws/install/select_table_interfaces' for CMake module files
[1.485s] Level 1:colcon.colcon_core.environment:checking '/home/robot/ros_ws/install/select_table_interfaces' for CMake config files
[1.486s] Level 1:colcon.colcon_core.shell:create_environment_hook('select_table_interfaces', 'cmake_prefix_path')
[1.488s] INFO:colcon.colcon_core.shell:Creating environment hook '/home/robot/ros_ws/install/select_table_interfaces/share/select_table_interfaces/hook/cmake_prefix_path.ps1'
[1.489s] INFO:colcon.colcon_core.shell:Creating environment descriptor '/home/robot/ros_ws/install/select_table_interfaces/share/select_table_interfaces/hook/cmake_prefix_path.dsv'
[1.489s] INFO:colcon.colcon_core.shell:Creating environment hook '/home/robot/ros_ws/install/select_table_interfaces/share/select_table_interfaces/hook/cmake_prefix_path.sh'
[1.490s] Level 1:colcon.colcon_core.environment:checking '/home/robot/ros_ws/install/select_table_interfaces/lib'
[1.490s] Level 1:colcon.colcon_core.shell:create_environment_hook('select_table_interfaces', 'ld_library_path_lib')
[1.492s] INFO:colcon.colcon_core.shell:Creating environment hook '/home/robot/ros_ws/install/select_table_interfaces/share/select_table_interfaces/hook/ld_library_path_lib.ps1'
[1.492s] INFO:colcon.colcon_core.shell:Creating environment descriptor '/home/robot/ros_ws/install/select_table_interfaces/share/select_table_interfaces/hook/ld_library_path_lib.dsv'
[1.493s] INFO:colcon.colcon_core.shell:Creating environment hook '/home/robot/ros_ws/install/select_table_interfaces/share/select_table_interfaces/hook/ld_library_path_lib.sh'
[1.493s] Level 1:colcon.colcon_core.environment:checking '/home/robot/ros_ws/install/select_table_interfaces/bin'
[1.493s] Level 1:colcon.colcon_core.environment:checking '/home/robot/ros_ws/install/select_table_interfaces/lib/pkgconfig/select_table_interfaces.pc'
[1.493s] Level 1:colcon.colcon_core.environment:checking '/home/robot/ros_ws/install/select_table_interfaces/lib/python3.10/site-packages'
[1.494s] Level 1:colcon.colcon_core.environment:checking '/home/robot/ros_ws/install/select_table_interfaces/bin'
[1.496s] INFO:colcon.colcon_core.shell:Creating package script '/home/robot/ros_ws/install/select_table_interfaces/share/select_table_interfaces/package.ps1'
[1.497s] INFO:colcon.colcon_core.shell:Creating package descriptor '/home/robot/ros_ws/install/select_table_interfaces/share/select_table_interfaces/package.dsv'
[1.497s] INFO:colcon.colcon_core.shell:Creating package script '/home/robot/ros_ws/install/select_table_interfaces/share/select_table_interfaces/package.sh'
[1.498s] INFO:colcon.colcon_core.shell:Creating package script '/home/robot/ros_ws/install/select_table_interfaces/share/select_table_interfaces/package.bash'
[1.499s] INFO:colcon.colcon_core.shell:Creating package script '/home/robot/ros_ws/install/select_table_interfaces/share/select_table_interfaces/package.zsh'
[1.500s] Level 1:colcon.colcon_core.environment:create_file_with_runtime_dependencies(/home/robot/ros_ws/install/select_table_interfaces/share/colcon-core/packages/select_table_interfaces)
[1.517s] DEBUG:colcon.colcon_core.event_handler.log_command:Invoking command in '/home/robot/ros_ws/src/r2e_tutorial': PYTHONPATH=/home/robot/ros_ws/build/r2e_tutorial/prefix_override:/home/robot/ros_ws/install/r2e_tutorial/lib/python3.10/site-packages:${PYTHONPATH} /usr/bin/python3 setup.py egg_info --egg-base ../../build/r2e_tutorial build --build-base /home/robot/ros_ws/build/r2e_tutorial/build install --record /home/robot/ros_ws/build/r2e_tutorial/install.log --single-version-externally-managed
[1.620s] Level 1:colcon.colcon_core.environment:create_environment_scripts_only(select_table_interfaces)
[1.623s] Level 1:colcon.colcon_core.environment:checking '/home/robot/ros_ws/install/select_table_interfaces' for CMake module files
[1.624s] Level 1:colcon.colcon_core.environment:checking '/home/robot/ros_ws/install/select_table_interfaces' for CMake config files
[1.625s] Level 1:colcon.colcon_core.shell:create_environment_hook('select_table_interfaces', 'cmake_prefix_path')
[1.626s] INFO:colcon.colcon_core.shell:Creating environment hook '/home/robot/ros_ws/install/select_table_interfaces/share/select_table_interfaces/hook/cmake_prefix_path.ps1'
[1.627s] INFO:colcon.colcon_core.shell:Creating environment descriptor '/home/robot/ros_ws/install/select_table_interfaces/share/select_table_interfaces/hook/cmake_prefix_path.dsv'
[1.627s] INFO:colcon.colcon_core.shell:Creating environment hook '/home/robot/ros_ws/install/select_table_interfaces/share/select_table_interfaces/hook/cmake_prefix_path.sh'
[1.628s] Level 1:colcon.colcon_core.environment:checking '/home/robot/ros_ws/install/select_table_interfaces/lib'
[1.628s] Level 1:colcon.colcon_core.shell:create_environment_hook('select_table_interfaces', 'ld_library_path_lib')
[1.629s] INFO:colcon.colcon_core.shell:Creating environment hook '/home/robot/ros_ws/install/select_table_interfaces/share/select_table_interfaces/hook/ld_library_path_lib.ps1'
[1.630s] INFO:colcon.colcon_core.shell:Creating environment descriptor '/home/robot/ros_ws/install/select_table_interfaces/share/select_table_interfaces/hook/ld_library_path_lib.dsv'
[1.630s] INFO:colcon.colcon_core.shell:Creating environment hook '/home/robot/ros_ws/install/select_table_interfaces/share/select_table_interfaces/hook/ld_library_path_lib.sh'
[1.633s] Level 1:colcon.colcon_core.environment:checking '/home/robot/ros_ws/install/select_table_interfaces/bin'
[1.633s] Level 1:colcon.colcon_core.environment:checking '/home/robot/ros_ws/install/select_table_interfaces/lib/pkgconfig/select_table_interfaces.pc'
[1.633s] Level 1:colcon.colcon_core.environment:checking '/home/robot/ros_ws/install/select_table_interfaces/lib/python3.10/site-packages'
[1.634s] Level 1:colcon.colcon_core.environment:checking '/home/robot/ros_ws/install/select_table_interfaces/bin'
[1.636s] INFO:colcon.colcon_core.shell:Creating package script '/home/robot/ros_ws/install/select_table_interfaces/share/select_table_interfaces/package.ps1'
[1.637s] INFO:colcon.colcon_core.shell:Creating package descriptor '/home/robot/ros_ws/install/select_table_interfaces/share/select_table_interfaces/package.dsv'
[1.638s] INFO:colcon.colcon_core.shell:Creating package script '/home/robot/ros_ws/install/select_table_interfaces/share/select_table_interfaces/package.sh'
[1.639s] INFO:colcon.colcon_core.shell:Creating package script '/home/robot/ros_ws/install/select_table_interfaces/share/select_table_interfaces/package.bash'
[1.641s] INFO:colcon.colcon_core.shell:Creating package script '/home/robot/ros_ws/install/select_table_interfaces/share/select_table_interfaces/package.zsh'
[1.641s] Level 1:colcon.colcon_core.environment:create_file_with_runtime_dependencies(/home/robot/ros_ws/install/select_table_interfaces/share/colcon-core/packages/select_table_interfaces)
[1.642s] INFO:colcon.colcon_ros.task.ament_python.build:Building ROS package in '/home/robot/ros_ws/src/pkg_website_beerpong' with build type 'ament_python'
[1.642s] Level 1:colcon.colcon_core.shell:create_environment_hook('pkg_website_beerpong', 'ament_prefix_path')
[1.644s] INFO:colcon.colcon_core.shell:Creating environment hook '/home/robot/ros_ws/install/pkg_website_beerpong/share/pkg_website_beerpong/hook/ament_prefix_path.ps1'
[1.645s] INFO:colcon.colcon_core.shell:Creating environment descriptor '/home/robot/ros_ws/install/pkg_website_beerpong/share/pkg_website_beerpong/hook/ament_prefix_path.dsv'
[1.646s] INFO:colcon.colcon_core.shell:Creating environment hook '/home/robot/ros_ws/install/pkg_website_beerpong/share/pkg_website_beerpong/hook/ament_prefix_path.sh'
[1.648s] INFO:colcon.colcon_core.shell:Skip shell extension 'powershell' for command environment: Not usable outside of PowerShell
[1.648s] DEBUG:colcon.colcon_core.shell:Skip shell extension 'dsv' for command environment
[2.019s] INFO:colcon.colcon_core.task.python.build:Building Python package in '/home/robot/ros_ws/src/pkg_website_beerpong'
[2.020s] INFO:colcon.colcon_core.shell:Skip shell extension 'powershell' for command environment: Not usable outside of PowerShell
[2.020s] DEBUG:colcon.colcon_core.shell:Skip shell extension 'dsv' for command environment
[2.033s] Level 1:colcon.colcon_core.environment:checking '/home/robot/ros_ws/install/r2e_tutorial' for CMake module files
[2.034s] Level 1:colcon.colcon_core.environment:checking '/home/robot/ros_ws/install/r2e_tutorial' for CMake config files
[2.035s] Level 1:colcon.colcon_core.environment:checking '/home/robot/ros_ws/install/r2e_tutorial/lib'
[2.035s] Level 1:colcon.colcon_core.environment:checking '/home/robot/ros_ws/install/r2e_tutorial/bin'
[2.035s] Level 1:colcon.colcon_core.environment:checking '/home/robot/ros_ws/install/r2e_tutorial/lib/pkgconfig/r2e_tutorial.pc'
[2.035s] Level 1:colcon.colcon_core.environment:checking '/home/robot/ros_ws/install/r2e_tutorial/lib/python3.10/site-packages'
[2.035s] Level 1:colcon.colcon_core.shell:create_environment_hook('r2e_tutorial', 'pythonpath')
[2.037s] INFO:colcon.colcon_core.shell:Creating environment hook '/home/robot/ros_ws/install/r2e_tutorial/share/r2e_tutorial/hook/pythonpath.ps1'
[2.038s] INFO:colcon.colcon_core.shell:Creating environment descriptor '/home/robot/ros_ws/install/r2e_tutorial/share/r2e_tutorial/hook/pythonpath.dsv'
[2.038s] INFO:colcon.colcon_core.shell:Creating environment hook '/home/robot/ros_ws/install/r2e_tutorial/share/r2e_tutorial/hook/pythonpath.sh'
[2.039s] Level 1:colcon.colcon_core.environment:checking '/home/robot/ros_ws/install/r2e_tutorial/bin'
[2.039s] Level 1:colcon.colcon_core.environment:create_environment_scripts_only(r2e_tutorial)
[2.039s] DEBUG:colcon.colcon_core.event_handler.log_command:Invoked command in '/home/robot/ros_ws/src/r2e_tutorial' returned '0': PYTHONPATH=/home/robot/ros_ws/build/r2e_tutorial/prefix_override:/home/robot/ros_ws/install/r2e_tutorial/lib/python3.10/site-packages:${PYTHONPATH} /usr/bin/python3 setup.py egg_info --egg-base ../../build/r2e_tutorial build --build-base /home/robot/ros_ws/build/r2e_tutorial/build install --record /home/robot/ros_ws/build/r2e_tutorial/install.log --single-version-externally-managed
[2.041s] INFO:colcon.colcon_core.shell:Creating package script '/home/robot/ros_ws/install/r2e_tutorial/share/r2e_tutorial/package.ps1'
[2.043s] INFO:colcon.colcon_core.shell:Creating package descriptor '/home/robot/ros_ws/install/r2e_tutorial/share/r2e_tutorial/package.dsv'
[2.043s] INFO:colcon.colcon_core.shell:Creating package script '/home/robot/ros_ws/install/r2e_tutorial/share/r2e_tutorial/package.sh'
[2.044s] INFO:colcon.colcon_core.shell:Creating package script '/home/robot/ros_ws/install/r2e_tutorial/share/r2e_tutorial/package.bash'
[2.044s] INFO:colcon.colcon_core.shell:Creating package script '/home/robot/ros_ws/install/r2e_tutorial/share/r2e_tutorial/package.zsh'
[2.044s] Level 1:colcon.colcon_core.environment:create_file_with_runtime_dependencies(/home/robot/ros_ws/install/r2e_tutorial/share/colcon-core/packages/r2e_tutorial)
[2.431s] DEBUG:colcon.colcon_core.event_handler.log_command:Invoking command in '/home/robot/ros_ws/src/pkg_website_beerpong': AMENT_PREFIX_PATH=/home/robot/ros_ws/install/select_table_interfaces:${AMENT_PREFIX_PATH} CMAKE_PREFIX_PATH=/home/robot/ros_ws/install/select_table_interfaces:${CMAKE_PREFIX_PATH} LD_LIBRARY_PATH=/home/robot/ros_ws/install/select_table_interfaces/lib:${LD_LIBRARY_PATH} PYTHONPATH=/home/robot/ros_ws/build/pkg_website_beerpong/prefix_override:/home/robot/ros_ws/install/pkg_website_beerpong/lib/python3.10/site-packages:/home/robot/ros_ws/install/select_table_interfaces/local/lib/python3.10/dist-packages:${PYTHONPATH} /usr/bin/python3 setup.py egg_info --egg-base ../../build/pkg_website_beerpong build --build-base /home/robot/ros_ws/build/pkg_website_beerpong/build install --record /home/robot/ros_ws/build/pkg_website_beerpong/install.log --single-version-externally-managed
[2.784s] Level 1:colcon.colcon_core.environment:checking '/home/robot/ros_ws/install/pkg_website_beerpong' for CMake module files
[2.785s] DEBUG:colcon.colcon_core.event_handler.log_command:Invoked command in '/home/robot/ros_ws/src/pkg_website_beerpong' returned '0': AMENT_PREFIX_PATH=/home/robot/ros_ws/install/select_table_interfaces:${AMENT_PREFIX_PATH} CMAKE_PREFIX_PATH=/home/robot/ros_ws/install/select_table_interfaces:${CMAKE_PREFIX_PATH} LD_LIBRARY_PATH=/home/robot/ros_ws/install/select_table_interfaces/lib:${LD_LIBRARY_PATH} PYTHONPATH=/home/robot/ros_ws/build/pkg_website_beerpong/prefix_override:/home/robot/ros_ws/install/pkg_website_beerpong/lib/python3.10/site-packages:/home/robot/ros_ws/install/select_table_interfaces/local/lib/python3.10/dist-packages:${PYTHONPATH} /usr/bin/python3 setup.py egg_info --egg-base ../../build/pkg_website_beerpong build --build-base /home/robot/ros_ws/build/pkg_website_beerpong/build install --record /home/robot/ros_ws/build/pkg_website_beerpong/install.log --single-version-externally-managed
[2.785s] Level 1:colcon.colcon_core.environment:checking '/home/robot/ros_ws/install/pkg_website_beerpong' for CMake config files
[2.786s] Level 1:colcon.colcon_core.environment:checking '/home/robot/ros_ws/install/pkg_website_beerpong/lib'
[2.786s] Level 1:colcon.colcon_core.environment:checking '/home/robot/ros_ws/install/pkg_website_beerpong/bin'
[2.786s] Level 1:colcon.colcon_core.environment:checking '/home/robot/ros_ws/install/pkg_website_beerpong/lib/pkgconfig/pkg_website_beerpong.pc'
[2.787s] Level 1:colcon.colcon_core.environment:checking '/home/robot/ros_ws/install/pkg_website_beerpong/lib/python3.10/site-packages'
[2.787s] Level 1:colcon.colcon_core.shell:create_environment_hook('pkg_website_beerpong', 'pythonpath')
[2.789s] INFO:colcon.colcon_core.shell:Creating environment hook '/home/robot/ros_ws/install/pkg_website_beerpong/share/pkg_website_beerpong/hook/pythonpath.ps1'
[2.789s] INFO:colcon.colcon_core.shell:Creating environment descriptor '/home/robot/ros_ws/install/pkg_website_beerpong/share/pkg_website_beerpong/hook/pythonpath.dsv'
[2.789s] INFO:colcon.colcon_core.shell:Creating environment hook '/home/robot/ros_ws/install/pkg_website_beerpong/share/pkg_website_beerpong/hook/pythonpath.sh'
[2.790s] Level 1:colcon.colcon_core.environment:checking '/home/robot/ros_ws/install/pkg_website_beerpong/bin'
[2.790s] Level 1:colcon.colcon_core.environment:create_environment_scripts_only(pkg_website_beerpong)
[2.792s] INFO:colcon.colcon_core.shell:Creating package script '/home/robot/ros_ws/install/pkg_website_beerpong/share/pkg_website_beerpong/package.ps1'
[2.793s] INFO:colcon.colcon_core.shell:Creating package descriptor '/home/robot/ros_ws/install/pkg_website_beerpong/share/pkg_website_beerpong/package.dsv'
[2.793s] INFO:colcon.colcon_core.shell:Creating package script '/home/robot/ros_ws/install/pkg_website_beerpong/share/pkg_website_beerpong/package.sh'
[2.794s] INFO:colcon.colcon_core.shell:Creating package script '/home/robot/ros_ws/install/pkg_website_beerpong/share/pkg_website_beerpong/package.bash'
[2.794s] INFO:colcon.colcon_core.shell:Creating package script '/home/robot/ros_ws/install/pkg_website_beerpong/share/pkg_website_beerpong/package.zsh'
[2.794s] Level 1:colcon.colcon_core.environment:create_file_with_runtime_dependencies(/home/robot/ros_ws/install/pkg_website_beerpong/share/colcon-core/packages/pkg_website_beerpong)
[2.795s] DEBUG:colcon.colcon_parallel_executor.executor.parallel:closing loop
[2.796s] DEBUG:colcon.colcon_parallel_executor.executor.parallel:loop closed
[2.796s] DEBUG:colcon.colcon_parallel_executor.executor.parallel:run_until_complete finished with '0'
[2.796s] DEBUG:colcon.colcon_core.event_reactor:joining thread
[2.804s] INFO:colcon.colcon_core.plugin_system:Skipping extension 'colcon_notification.desktop_notification.notify_send': Could not find 'notify-send'
[2.804s] INFO:colcon.colcon_core.plugin_system:Skipping extension 'colcon_notification.desktop_notification.terminal_notifier': Not used on non-Darwin systems
[2.804s] INFO:colcon.colcon_core.plugin_system:Skipping extension 'colcon_notification.desktop_notification.win32': Not used on non-Windows systems
[2.804s] INFO:colcon.colcon_notification.desktop_notification:Sending desktop notification using 'notify2'
[2.809s] DEBUG:colcon.colcon_notification.desktop_notification.notify2:Failed to initialize notify2: org.freedesktop.DBus.Error.Spawn.ExecFailed: /usr/bin/dbus-launch terminated abnormally without any error message
[2.810s] DEBUG:colcon.colcon_core.event_reactor:joined thread
[2.813s] INFO:colcon.colcon_core.shell:Creating prefix script '/home/robot/ros_ws/install/local_setup.ps1'
[2.815s] INFO:colcon.colcon_core.shell:Creating prefix util module '/home/robot/ros_ws/install/_local_setup_util_ps1.py'
[2.818s] INFO:colcon.colcon_core.shell:Creating prefix chain script '/home/robot/ros_ws/install/setup.ps1'
[2.820s] INFO:colcon.colcon_core.shell:Creating prefix script '/home/robot/ros_ws/install/local_setup.sh'
[2.821s] INFO:colcon.colcon_core.shell:Creating prefix util module '/home/robot/ros_ws/install/_local_setup_util_sh.py'
[2.821s] INFO:colcon.colcon_core.shell:Creating prefix chain script '/home/robot/ros_ws/install/setup.sh'
[2.824s] INFO:colcon.colcon_core.shell:Creating prefix script '/home/robot/ros_ws/install/local_setup.bash'
[2.824s] INFO:colcon.colcon_core.shell:Creating prefix chain script '/home/robot/ros_ws/install/setup.bash'
[2.826s] INFO:colcon.colcon_core.shell:Creating prefix script '/home/robot/ros_ws/install/local_setup.zsh'
[2.827s] INFO:colcon.colcon_core.shell:Creating prefix chain script '/home/robot/ros_ws/install/setup.zsh'
