[0.035s] Invoking command in '/home/robot/ros_ws/build/select_table_interfaces': CMAKE_PREFIX_PATH=${CMAKE_PREFIX_PATH}:/opt/ros_dependencies/install/ros_environment:/opt/ros/humble /usr/bin/cmake --build /home/robot/ros_ws/build/select_table_interfaces -- -j12 -l12
[0.093s] [35m[1mConsolidate compiler generated dependencies of target select_table_interfaces__rosidl_generator_c[0m
[0.112s] [  3%] Built target select_table_interfaces__cpp
[0.126s] [ 12%] Built target select_table_interfaces__rosidl_generator_c
[0.141s] [35m[1mConsolidate compiler generated dependencies of target select_table_interfaces__rosidl_typesupport_fastrtps_cpp[0m
[0.162s] [35m[1mConsolidate compiler generated dependencies of target select_table_interfaces__rosidl_typesupport_introspection_cpp[0m
[0.164s] [35m[1mConsolidate compiler generated dependencies of target select_table_interfaces__rosidl_typesupport_cpp[0m
[0.177s] [ 16%] Built target ament_cmake_python_copy_select_table_interfaces
[0.178s] [ 22%] Built target select_table_interfaces__rosidl_typesupport_fastrtps_cpp
[0.197s] [ 32%] Built target select_table_interfaces__rosidl_typesupport_introspection_cpp
[0.210s] [ 41%] Built target select_table_interfaces__rosidl_typesupport_cpp
[0.223s] [35m[1mConsolidate compiler generated dependencies of target select_table_interfaces__rosidl_typesupport_c[0m
[0.235s] [35m[1mConsolidate compiler generated dependencies of target select_table_interfaces__rosidl_typesupport_fastrtps_c[0m
[0.242s] [35m[1mConsolidate compiler generated dependencies of target select_table_interfaces__rosidl_typesupport_introspection_c[0m
[0.260s] [ 58%] Built target select_table_interfaces__rosidl_typesupport_c
[0.260s] [ 61%] Built target select_table_interfaces__rosidl_typesupport_fastrtps_c
[0.266s] [ 70%] Built target select_table_interfaces__rosidl_typesupport_introspection_c
[0.300s] [ 70%] Built target select_table_interfaces
[0.332s] [ 74%] Built target select_table_interfaces__py
[0.376s] [35m[1mConsolidate compiler generated dependencies of target select_table_interfaces__rosidl_generator_py[0m
[0.424s] [ 80%] Built target select_table_interfaces__rosidl_generator_py
[0.440s] [35m[1mConsolidate compiler generated dependencies of target select_table_interfaces__rosidl_typesupport_fastrtps_c__pyext[0m
[0.460s] [35m[1mConsolidate compiler generated dependencies of target select_table_interfaces__rosidl_typesupport_introspection_c__pyext[0m
[0.464s] [35m[1mConsolidate compiler generated dependencies of target select_table_interfaces__rosidl_typesupport_c__pyext[0m
[0.472s] [ 87%] Built target select_table_interfaces__rosidl_typesupport_fastrtps_c__pyext
[0.504s] [ 93%] Built target select_table_interfaces__rosidl_typesupport_c__pyext
[0.508s] [100%] Built target select_table_interfaces__rosidl_typesupport_introspection_c__pyext
[0.590s] running egg_info
[0.591s] writing select_table_interfaces.egg-info/PKG-INFO
[0.591s] writing dependency_links to select_table_interfaces.egg-info/dependency_links.txt
[0.591s] writing top-level names to select_table_interfaces.egg-info/top_level.txt
[0.595s] reading manifest file 'select_table_interfaces.egg-info/SOURCES.txt'
[0.595s] writing manifest file 'select_table_interfaces.egg-info/SOURCES.txt'
[0.648s] [100%] Built target ament_cmake_python_build_select_table_interfaces_egg
[0.690s] Invoked command in '/home/robot/ros_ws/build/select_table_interfaces' returned '0': CMAKE_PREFIX_PATH=${CMAKE_PREFIX_PATH}:/opt/ros_dependencies/install/ros_environment:/opt/ros/humble /usr/bin/cmake --build /home/robot/ros_ws/build/select_table_interfaces -- -j12 -l12
[0.827s] Invoking command in '/home/robot/ros_ws/build/select_table_interfaces': CMAKE_PREFIX_PATH=${CMAKE_PREFIX_PATH}:/opt/ros_dependencies/install/ros_environment:/opt/ros/humble /usr/bin/cmake --install /home/robot/ros_ws/build/select_table_interfaces
[0.841s] -- Install configuration: ""
[0.842s] -- Up-to-date: /home/robot/ros_ws/install/select_table_interfaces/share/ament_index/resource_index/rosidl_interfaces/select_table_interfaces
[0.842s] -- Up-to-date: /home/robot/ros_ws/install/select_table_interfaces/include/select_table_interfaces/select_table_interfaces
[0.842s] -- Up-to-date: /home/robot/ros_ws/install/select_table_interfaces/include/select_table_interfaces/select_table_interfaces/srv
[0.842s] -- Up-to-date: /home/robot/ros_ws/install/select_table_interfaces/include/select_table_interfaces/select_table_interfaces/srv/detail
[0.842s] -- Up-to-date: /home/robot/ros_ws/install/select_table_interfaces/include/select_table_interfaces/select_table_interfaces/srv/detail/table_select__struct.h
[0.842s] -- Up-to-date: /home/robot/ros_ws/install/select_table_interfaces/include/select_table_interfaces/select_table_interfaces/srv/detail/table_select__type_support.h
[0.842s] -- Up-to-date: /home/robot/ros_ws/install/select_table_interfaces/include/select_table_interfaces/select_table_interfaces/srv/detail/table_select__functions.c
[0.843s] -- Up-to-date: /home/robot/ros_ws/install/select_table_interfaces/include/select_table_interfaces/select_table_interfaces/srv/detail/table_select__functions.h
[0.843s] -- Up-to-date: /home/robot/ros_ws/install/select_table_interfaces/include/select_table_interfaces/select_table_interfaces/srv/table_select.h
[0.843s] -- Up-to-date: /home/robot/ros_ws/install/select_table_interfaces/include/select_table_interfaces/select_table_interfaces/msg
[0.843s] -- Up-to-date: /home/robot/ros_ws/install/select_table_interfaces/include/select_table_interfaces/select_table_interfaces/msg/rosidl_generator_c__visibility_control.h
[0.843s] -- Up-to-date: /home/robot/ros_ws/install/select_table_interfaces/share/select_table_interfaces/environment/library_path.sh
[0.843s] -- Up-to-date: /home/robot/ros_ws/install/select_table_interfaces/share/select_table_interfaces/environment/library_path.dsv
[0.843s] -- Up-to-date: /home/robot/ros_ws/install/select_table_interfaces/lib/libselect_table_interfaces__rosidl_generator_c.so
[0.843s] -- Up-to-date: /home/robot/ros_ws/install/select_table_interfaces/include/select_table_interfaces/select_table_interfaces
[0.843s] -- Up-to-date: /home/robot/ros_ws/install/select_table_interfaces/include/select_table_interfaces/select_table_interfaces/srv
[0.844s] -- Up-to-date: /home/robot/ros_ws/install/select_table_interfaces/include/select_table_interfaces/select_table_interfaces/srv/detail
[0.844s] -- Up-to-date: /home/robot/ros_ws/install/select_table_interfaces/include/select_table_interfaces/select_table_interfaces/srv/detail/table_select__rosidl_typesupport_fastrtps_c.h
[0.844s] -- Up-to-date: /home/robot/ros_ws/install/select_table_interfaces/include/select_table_interfaces/select_table_interfaces/msg
[0.844s] -- Up-to-date: /home/robot/ros_ws/install/select_table_interfaces/include/select_table_interfaces/select_table_interfaces/msg/rosidl_typesupport_fastrtps_c__visibility_control.h
[0.844s] -- Up-to-date: /home/robot/ros_ws/install/select_table_interfaces/lib/libselect_table_interfaces__rosidl_typesupport_fastrtps_c.so
[0.844s] -- Up-to-date: /home/robot/ros_ws/install/select_table_interfaces/include/select_table_interfaces/select_table_interfaces
[0.844s] -- Up-to-date: /home/robot/ros_ws/install/select_table_interfaces/include/select_table_interfaces/select_table_interfaces/srv
[0.844s] -- Up-to-date: /home/robot/ros_ws/install/select_table_interfaces/include/select_table_interfaces/select_table_interfaces/srv/detail
[0.845s] -- Up-to-date: /home/robot/ros_ws/install/select_table_interfaces/include/select_table_interfaces/select_table_interfaces/srv/detail/table_select__rosidl_typesupport_introspection_c.h
[0.845s] -- Up-to-date: /home/robot/ros_ws/install/select_table_interfaces/include/select_table_interfaces/select_table_interfaces/srv/detail/table_select__type_support.c
[0.845s] -- Up-to-date: /home/robot/ros_ws/install/select_table_interfaces/include/select_table_interfaces/select_table_interfaces/msg
[0.845s] -- Up-to-date: /home/robot/ros_ws/install/select_table_interfaces/include/select_table_interfaces/select_table_interfaces/msg/rosidl_typesupport_introspection_c__visibility_control.h
[0.845s] -- Up-to-date: /home/robot/ros_ws/install/select_table_interfaces/lib/libselect_table_interfaces__rosidl_typesupport_introspection_c.so
[0.851s] -- Up-to-date: /home/robot/ros_ws/install/select_table_interfaces/lib/libselect_table_interfaces__rosidl_typesupport_c.so
[0.851s] -- Up-to-date: /home/robot/ros_ws/install/select_table_interfaces/include/select_table_interfaces/select_table_interfaces
[0.851s] -- Up-to-date: /home/robot/ros_ws/install/select_table_interfaces/include/select_table_interfaces/select_table_interfaces/srv
[0.851s] -- Up-to-date: /home/robot/ros_ws/install/select_table_interfaces/include/select_table_interfaces/select_table_interfaces/srv/detail
[0.851s] -- Up-to-date: /home/robot/ros_ws/install/select_table_interfaces/include/select_table_interfaces/select_table_interfaces/srv/detail/table_select__struct.hpp
[0.851s] -- Up-to-date: /home/robot/ros_ws/install/select_table_interfaces/include/select_table_interfaces/select_table_interfaces/srv/detail/table_select__traits.hpp
[0.852s] -- Up-to-date: /home/robot/ros_ws/install/select_table_interfaces/include/select_table_interfaces/select_table_interfaces/srv/detail/table_select__builder.hpp
[0.852s] -- Up-to-date: /home/robot/ros_ws/install/select_table_interfaces/include/select_table_interfaces/select_table_interfaces/srv/table_select.hpp
[0.852s] -- Up-to-date: /home/robot/ros_ws/install/select_table_interfaces/include/select_table_interfaces/select_table_interfaces
[0.852s] -- Up-to-date: /home/robot/ros_ws/install/select_table_interfaces/include/select_table_interfaces/select_table_interfaces/srv
[0.852s] -- Up-to-date: /home/robot/ros_ws/install/select_table_interfaces/include/select_table_interfaces/select_table_interfaces/srv/detail
[0.852s] -- Up-to-date: /home/robot/ros_ws/install/select_table_interfaces/include/select_table_interfaces/select_table_interfaces/srv/detail/table_select__rosidl_typesupport_fastrtps_cpp.hpp
[0.852s] -- Up-to-date: /home/robot/ros_ws/install/select_table_interfaces/include/select_table_interfaces/select_table_interfaces/srv/detail/dds_fastrtps
[0.852s] -- Up-to-date: /home/robot/ros_ws/install/select_table_interfaces/include/select_table_interfaces/select_table_interfaces/msg
[0.852s] -- Up-to-date: /home/robot/ros_ws/install/select_table_interfaces/include/select_table_interfaces/select_table_interfaces/msg/rosidl_typesupport_fastrtps_cpp__visibility_control.h
[0.852s] -- Up-to-date: /home/robot/ros_ws/install/select_table_interfaces/lib/libselect_table_interfaces__rosidl_typesupport_fastrtps_cpp.so
[0.852s] -- Up-to-date: /home/robot/ros_ws/install/select_table_interfaces/include/select_table_interfaces/select_table_interfaces
[0.853s] -- Up-to-date: /home/robot/ros_ws/install/select_table_interfaces/include/select_table_interfaces/select_table_interfaces/srv
[0.853s] -- Up-to-date: /home/robot/ros_ws/install/select_table_interfaces/include/select_table_interfaces/select_table_interfaces/srv/detail
[0.853s] -- Up-to-date: /home/robot/ros_ws/install/select_table_interfaces/include/select_table_interfaces/select_table_interfaces/srv/detail/table_select__rosidl_typesupport_introspection_cpp.hpp
[0.853s] -- Up-to-date: /home/robot/ros_ws/install/select_table_interfaces/include/select_table_interfaces/select_table_interfaces/srv/detail/table_select__type_support.cpp
[0.853s] -- Up-to-date: /home/robot/ros_ws/install/select_table_interfaces/lib/libselect_table_interfaces__rosidl_typesupport_introspection_cpp.so
[0.853s] -- Up-to-date: /home/robot/ros_ws/install/select_table_interfaces/lib/libselect_table_interfaces__rosidl_typesupport_cpp.so
[0.853s] -- Up-to-date: /home/robot/ros_ws/install/select_table_interfaces/share/select_table_interfaces/environment/pythonpath.sh
[0.853s] -- Up-to-date: /home/robot/ros_ws/install/select_table_interfaces/share/select_table_interfaces/environment/pythonpath.dsv
[0.853s] -- Up-to-date: /home/robot/ros_ws/install/select_table_interfaces/local/lib/python3.10/dist-packages/select_table_interfaces-0.0.0-py3.10.egg-info
[0.853s] -- Installing: /home/robot/ros_ws/install/select_table_interfaces/local/lib/python3.10/dist-packages/select_table_interfaces-0.0.0-py3.10.egg-info/PKG-INFO
[0.853s] -- Installing: /home/robot/ros_ws/install/select_table_interfaces/local/lib/python3.10/dist-packages/select_table_interfaces-0.0.0-py3.10.egg-info/top_level.txt
[0.853s] -- Installing: /home/robot/ros_ws/install/select_table_interfaces/local/lib/python3.10/dist-packages/select_table_interfaces-0.0.0-py3.10.egg-info/SOURCES.txt
[0.854s] -- Installing: /home/robot/ros_ws/install/select_table_interfaces/local/lib/python3.10/dist-packages/select_table_interfaces-0.0.0-py3.10.egg-info/dependency_links.txt
[0.854s] -- Up-to-date: /home/robot/ros_ws/install/select_table_interfaces/local/lib/python3.10/dist-packages/select_table_interfaces
[0.854s] -- Up-to-date: /home/robot/ros_ws/install/select_table_interfaces/local/lib/python3.10/dist-packages/select_table_interfaces/select_table_interfaces_s__rosidl_typesupport_fastrtps_c.cpython-310-x86_64-linux-gnu.so
[0.854s] -- Up-to-date: /home/robot/ros_ws/install/select_table_interfaces/local/lib/python3.10/dist-packages/select_table_interfaces/select_table_interfaces_s__rosidl_typesupport_introspection_c.cpython-310-x86_64-linux-gnu.so
[0.854s] -- Up-to-date: /home/robot/ros_ws/install/select_table_interfaces/local/lib/python3.10/dist-packages/select_table_interfaces/srv
[0.854s] -- Up-to-date: /home/robot/ros_ws/install/select_table_interfaces/local/lib/python3.10/dist-packages/select_table_interfaces/srv/_table_select.py
[0.854s] -- Up-to-date: /home/robot/ros_ws/install/select_table_interfaces/local/lib/python3.10/dist-packages/select_table_interfaces/srv/_table_select_s.c
[0.854s] -- Up-to-date: /home/robot/ros_ws/install/select_table_interfaces/local/lib/python3.10/dist-packages/select_table_interfaces/srv/__init__.py
[0.854s] -- Up-to-date: /home/robot/ros_ws/install/select_table_interfaces/local/lib/python3.10/dist-packages/select_table_interfaces/select_table_interfaces_s__rosidl_typesupport_c.cpython-310-x86_64-linux-gnu.so
[0.854s] -- Up-to-date: /home/robot/ros_ws/install/select_table_interfaces/local/lib/python3.10/dist-packages/select_table_interfaces/_select_table_interfaces_s.ep.rosidl_typesupport_introspection_c.c
[0.854s] -- Up-to-date: /home/robot/ros_ws/install/select_table_interfaces/local/lib/python3.10/dist-packages/select_table_interfaces/__init__.py
[0.855s] -- Up-to-date: /home/robot/ros_ws/install/select_table_interfaces/local/lib/python3.10/dist-packages/select_table_interfaces/_select_table_interfaces_s.ep.rosidl_typesupport_c.c
[0.855s] -- Up-to-date: /home/robot/ros_ws/install/select_table_interfaces/local/lib/python3.10/dist-packages/select_table_interfaces/libselect_table_interfaces__rosidl_generator_py.so
[0.855s] -- Up-to-date: /home/robot/ros_ws/install/select_table_interfaces/local/lib/python3.10/dist-packages/select_table_interfaces/_select_table_interfaces_s.ep.rosidl_typesupport_fastrtps_c.c
[0.899s] Listing '/home/robot/ros_ws/install/select_table_interfaces/local/lib/python3.10/dist-packages/select_table_interfaces'...
[0.900s] Listing '/home/robot/ros_ws/install/select_table_interfaces/local/lib/python3.10/dist-packages/select_table_interfaces/srv'...
[0.906s] -- Up-to-date: /home/robot/ros_ws/install/select_table_interfaces/local/lib/python3.10/dist-packages/select_table_interfaces/select_table_interfaces_s__rosidl_typesupport_fastrtps_c.cpython-310-x86_64-linux-gnu.so
[0.907s] -- Up-to-date: /home/robot/ros_ws/install/select_table_interfaces/local/lib/python3.10/dist-packages/select_table_interfaces/select_table_interfaces_s__rosidl_typesupport_introspection_c.cpython-310-x86_64-linux-gnu.so
[0.907s] -- Up-to-date: /home/robot/ros_ws/install/select_table_interfaces/local/lib/python3.10/dist-packages/select_table_interfaces/select_table_interfaces_s__rosidl_typesupport_c.cpython-310-x86_64-linux-gnu.so
[0.908s] -- Up-to-date: /home/robot/ros_ws/install/select_table_interfaces/lib/libselect_table_interfaces__rosidl_generator_py.so
[0.908s] -- Up-to-date: /home/robot/ros_ws/install/select_table_interfaces/share/select_table_interfaces/srv/TableSelect.idl
[0.908s] -- Up-to-date: /home/robot/ros_ws/install/select_table_interfaces/share/select_table_interfaces/srv/TableSelect.srv
[0.908s] -- Up-to-date: /home/robot/ros_ws/install/select_table_interfaces/share/select_table_interfaces/srv/TableSelect_Request.msg
[0.908s] -- Up-to-date: /home/robot/ros_ws/install/select_table_interfaces/share/select_table_interfaces/srv/TableSelect_Response.msg
[0.909s] -- Up-to-date: /home/robot/ros_ws/install/select_table_interfaces/share/ament_index/resource_index/package_run_dependencies/select_table_interfaces
[0.909s] -- Up-to-date: /home/robot/ros_ws/install/select_table_interfaces/share/ament_index/resource_index/parent_prefix_path/select_table_interfaces
[0.909s] -- Up-to-date: /home/robot/ros_ws/install/select_table_interfaces/share/select_table_interfaces/environment/ament_prefix_path.sh
[0.909s] -- Up-to-date: /home/robot/ros_ws/install/select_table_interfaces/share/select_table_interfaces/environment/ament_prefix_path.dsv
[0.909s] -- Up-to-date: /home/robot/ros_ws/install/select_table_interfaces/share/select_table_interfaces/environment/path.sh
[0.909s] -- Up-to-date: /home/robot/ros_ws/install/select_table_interfaces/share/select_table_interfaces/environment/path.dsv
[0.909s] -- Up-to-date: /home/robot/ros_ws/install/select_table_interfaces/share/select_table_interfaces/local_setup.bash
[0.910s] -- Up-to-date: /home/robot/ros_ws/install/select_table_interfaces/share/select_table_interfaces/local_setup.sh
[0.910s] -- Up-to-date: /home/robot/ros_ws/install/select_table_interfaces/share/select_table_interfaces/local_setup.zsh
[0.910s] -- Up-to-date: /home/robot/ros_ws/install/select_table_interfaces/share/select_table_interfaces/local_setup.dsv
[0.911s] -- Installing: /home/robot/ros_ws/install/select_table_interfaces/share/select_table_interfaces/package.dsv
[0.911s] -- Up-to-date: /home/robot/ros_ws/install/select_table_interfaces/share/ament_index/resource_index/packages/select_table_interfaces
[0.911s] -- Up-to-date: /home/robot/ros_ws/install/select_table_interfaces/share/select_table_interfaces/cmake/export_select_table_interfaces__rosidl_generator_cExport.cmake
[0.911s] -- Up-to-date: /home/robot/ros_ws/install/select_table_interfaces/share/select_table_interfaces/cmake/export_select_table_interfaces__rosidl_generator_cExport-noconfig.cmake
[0.912s] -- Up-to-date: /home/robot/ros_ws/install/select_table_interfaces/share/select_table_interfaces/cmake/export_select_table_interfaces__rosidl_typesupport_fastrtps_cExport.cmake
[0.912s] -- Up-to-date: /home/robot/ros_ws/install/select_table_interfaces/share/select_table_interfaces/cmake/export_select_table_interfaces__rosidl_typesupport_fastrtps_cExport-noconfig.cmake
[0.912s] -- Up-to-date: /home/robot/ros_ws/install/select_table_interfaces/share/select_table_interfaces/cmake/select_table_interfaces__rosidl_typesupport_introspection_cExport.cmake
[0.912s] -- Up-to-date: /home/robot/ros_ws/install/select_table_interfaces/share/select_table_interfaces/cmake/select_table_interfaces__rosidl_typesupport_introspection_cExport-noconfig.cmake
[0.912s] -- Up-to-date: /home/robot/ros_ws/install/select_table_interfaces/share/select_table_interfaces/cmake/select_table_interfaces__rosidl_typesupport_cExport.cmake
[0.912s] -- Up-to-date: /home/robot/ros_ws/install/select_table_interfaces/share/select_table_interfaces/cmake/select_table_interfaces__rosidl_typesupport_cExport-noconfig.cmake
[0.912s] -- Up-to-date: /home/robot/ros_ws/install/select_table_interfaces/share/select_table_interfaces/cmake/export_select_table_interfaces__rosidl_generator_cppExport.cmake
[0.912s] -- Up-to-date: /home/robot/ros_ws/install/select_table_interfaces/share/select_table_interfaces/cmake/export_select_table_interfaces__rosidl_typesupport_fastrtps_cppExport.cmake
[0.912s] -- Up-to-date: /home/robot/ros_ws/install/select_table_interfaces/share/select_table_interfaces/cmake/export_select_table_interfaces__rosidl_typesupport_fastrtps_cppExport-noconfig.cmake
[0.913s] -- Up-to-date: /home/robot/ros_ws/install/select_table_interfaces/share/select_table_interfaces/cmake/select_table_interfaces__rosidl_typesupport_introspection_cppExport.cmake
[0.913s] -- Up-to-date: /home/robot/ros_ws/install/select_table_interfaces/share/select_table_interfaces/cmake/select_table_interfaces__rosidl_typesupport_introspection_cppExport-noconfig.cmake
[0.913s] -- Up-to-date: /home/robot/ros_ws/install/select_table_interfaces/share/select_table_interfaces/cmake/select_table_interfaces__rosidl_typesupport_cppExport.cmake
[0.913s] -- Up-to-date: /home/robot/ros_ws/install/select_table_interfaces/share/select_table_interfaces/cmake/select_table_interfaces__rosidl_typesupport_cppExport-noconfig.cmake
[0.913s] -- Up-to-date: /home/robot/ros_ws/install/select_table_interfaces/share/select_table_interfaces/cmake/export_select_table_interfaces__rosidl_generator_pyExport.cmake
[0.913s] -- Up-to-date: /home/robot/ros_ws/install/select_table_interfaces/share/select_table_interfaces/cmake/export_select_table_interfaces__rosidl_generator_pyExport-noconfig.cmake
[0.913s] -- Up-to-date: /home/robot/ros_ws/install/select_table_interfaces/share/select_table_interfaces/cmake/rosidl_cmake-extras.cmake
[0.913s] -- Up-to-date: /home/robot/ros_ws/install/select_table_interfaces/share/select_table_interfaces/cmake/ament_cmake_export_dependencies-extras.cmake
[0.914s] -- Up-to-date: /home/robot/ros_ws/install/select_table_interfaces/share/select_table_interfaces/cmake/ament_cmake_export_include_directories-extras.cmake
[0.914s] -- Up-to-date: /home/robot/ros_ws/install/select_table_interfaces/share/select_table_interfaces/cmake/ament_cmake_export_libraries-extras.cmake
[0.914s] -- Up-to-date: /home/robot/ros_ws/install/select_table_interfaces/share/select_table_interfaces/cmake/ament_cmake_export_targets-extras.cmake
[0.914s] -- Up-to-date: /home/robot/ros_ws/install/select_table_interfaces/share/select_table_interfaces/cmake/rosidl_cmake_export_typesupport_targets-extras.cmake
[0.914s] -- Up-to-date: /home/robot/ros_ws/install/select_table_interfaces/share/select_table_interfaces/cmake/rosidl_cmake_export_typesupport_libraries-extras.cmake
[0.914s] -- Up-to-date: /home/robot/ros_ws/install/select_table_interfaces/share/select_table_interfaces/cmake/select_table_interfacesConfig.cmake
[0.914s] -- Up-to-date: /home/robot/ros_ws/install/select_table_interfaces/share/select_table_interfaces/cmake/select_table_interfacesConfig-version.cmake
[0.914s] -- Up-to-date: /home/robot/ros_ws/install/select_table_interfaces/share/select_table_interfaces/package.xml
[0.924s] Invoked command in '/home/robot/ros_ws/build/select_table_interfaces' returned '0': CMAKE_PREFIX_PATH=${CMAKE_PREFIX_PATH}:/opt/ros_dependencies/install/ros_environment:/opt/ros/humble /usr/bin/cmake --install /home/robot/ros_ws/build/select_table_interfaces
