[0.898s] Invoking command in '/home/robot/ros_ws/src/r2e_tutorial': PYTHONPATH=/home/robot/ros_ws/build/r2e_tutorial/prefix_override:/home/robot/ros_ws/install/r2e_tutorial/lib/python3.10/site-packages:${PYTHONPATH} /usr/bin/python3 setup.py egg_info --egg-base ../../build/r2e_tutorial build --build-base /home/robot/ros_ws/build/r2e_tutorial/build install --record /home/robot/ros_ws/build/r2e_tutorial/install.log --single-version-externally-managed
[1.210s] running egg_info
[1.210s] creating ../../build/r2e_tutorial/r2e_tutorial.egg-info
[1.210s] writing ../../build/r2e_tutorial/r2e_tutorial.egg-info/PKG-INFO
[1.211s] writing dependency_links to ../../build/r2e_tutorial/r2e_tutorial.egg-info/dependency_links.txt
[1.211s] writing entry points to ../../build/r2e_tutorial/r2e_tutorial.egg-info/entry_points.txt
[1.213s] writing requirements to ../../build/r2e_tutorial/r2e_tutorial.egg-info/requires.txt
[1.213s] writing top-level names to ../../build/r2e_tutorial/r2e_tutorial.egg-info/top_level.txt
[1.213s] writing manifest file '../../build/r2e_tutorial/r2e_tutorial.egg-info/SOURCES.txt'
[1.216s] reading manifest file '../../build/r2e_tutorial/r2e_tutorial.egg-info/SOURCES.txt'
[1.216s] writing manifest file '../../build/r2e_tutorial/r2e_tutorial.egg-info/SOURCES.txt'
[1.217s] running build
[1.217s] running build_py
[1.217s] creating /home/robot/ros_ws/build/r2e_tutorial/build
[1.217s] creating /home/robot/ros_ws/build/r2e_tutorial/build/lib
[1.217s] creating /home/robot/ros_ws/build/r2e_tutorial/build/lib/r2e_tutorial
[1.217s] copying r2e_tutorial/__init__.py -> /home/robot/ros_ws/build/r2e_tutorial/build/lib/r2e_tutorial
[1.217s] copying r2e_tutorial/example.py -> /home/robot/ros_ws/build/r2e_tutorial/build/lib/r2e_tutorial
[1.218s] running install
[1.218s] running install_lib
[1.219s] creating /home/robot/ros_ws/install/r2e_tutorial/lib/python3.10/site-packages/r2e_tutorial
[1.220s] copying /home/robot/ros_ws/build/r2e_tutorial/build/lib/r2e_tutorial/__init__.py -> /home/robot/ros_ws/install/r2e_tutorial/lib/python3.10/site-packages/r2e_tutorial
[1.220s] copying /home/robot/ros_ws/build/r2e_tutorial/build/lib/r2e_tutorial/example.py -> /home/robot/ros_ws/install/r2e_tutorial/lib/python3.10/site-packages/r2e_tutorial
[1.220s] byte-compiling /home/robot/ros_ws/install/r2e_tutorial/lib/python3.10/site-packages/r2e_tutorial/__init__.py to __init__.cpython-310.pyc
[1.221s] /usr/lib/python3/dist-packages/setuptools/command/install.py:34: SetuptoolsDeprecationWarning: setup.py install is deprecated. Use build and pip and other standards-based tools.
[1.221s]   warnings.warn(
[1.221s] byte-compiling /home/robot/ros_ws/install/r2e_tutorial/lib/python3.10/site-packages/r2e_tutorial/example.py to example.cpython-310.pyc
[1.222s] running install_data
[1.222s] creating /home/robot/ros_ws/install/r2e_tutorial/share/ament_index
[1.222s] creating /home/robot/ros_ws/install/r2e_tutorial/share/ament_index/resource_index
[1.223s] creating /home/robot/ros_ws/install/r2e_tutorial/share/ament_index/resource_index/packages
[1.223s] copying resource/r2e_tutorial -> /home/robot/ros_ws/install/r2e_tutorial/share/ament_index/resource_index/packages
[1.223s] copying package.xml -> /home/robot/ros_ws/install/r2e_tutorial/share/r2e_tutorial
[1.223s] running install_egg_info
[1.225s] Copying ../../build/r2e_tutorial/r2e_tutorial.egg-info to /home/robot/ros_ws/install/r2e_tutorial/lib/python3.10/site-packages/r2e_tutorial-0.0.0-py3.10.egg-info
[1.226s] running install_scripts
[1.257s] Installing example script to /home/robot/ros_ws/install/r2e_tutorial/lib/r2e_tutorial
[1.257s] Installing house script to /home/robot/ros_ws/install/r2e_tutorial/lib/r2e_tutorial
[1.258s] writing list of installed files to '/home/robot/ros_ws/build/r2e_tutorial/install.log'
[1.301s] Invoked command in '/home/robot/ros_ws/src/r2e_tutorial' returned '0': PYTHONPATH=/home/robot/ros_ws/build/r2e_tutorial/prefix_override:/home/robot/ros_ws/install/r2e_tutorial/lib/python3.10/site-packages:${PYTHONPATH} /usr/bin/python3 setup.py egg_info --egg-base ../../build/r2e_tutorial build --build-base /home/robot/ros_ws/build/r2e_tutorial/build install --record /home/robot/ros_ws/build/r2e_tutorial/install.log --single-version-externally-managed
