[0.028s] Invoking command in '/home/robot/ros_ws/build/select_table_interfaces': CMAKE_PREFIX_PATH=${CMAKE_PREFIX_PATH}:/home/robot/ros_ws/install/pkg_website_beerpong:/home/robot/ros_ws/install/r2e_tutorial:/opt/ros_dependencies/install/ros_environment:/opt/ros/humble /usr/bin/cmake --build /home/robot/ros_ws/build/select_table_interfaces -- -j12 -l12
[0.105s] [  3%] Built target select_table_interfaces__cpp
[0.110s] [ 12%] Built target select_table_interfaces__rosidl_generator_c
[0.117s] [ 12%] Built target ament_cmake_python_copy_select_table_interfaces
[0.145s] [ 25%] Built target select_table_interfaces__rosidl_typesupport_cpp
[0.145s] [ 35%] Built target select_table_interfaces__rosidl_typesupport_introspection_cpp
[0.146s] [ 45%] Built target select_table_interfaces__rosidl_typesupport_introspection_c
[0.151s] [ 51%] Built target select_table_interfaces__rosidl_typesupport_fastrtps_cpp
[0.165s] [ 61%] Built target select_table_interfaces__rosidl_typesupport_fastrtps_c
[0.169s] [ 70%] Built target select_table_interfaces__rosidl_typesupport_c
[0.201s] [ 70%] Built target select_table_interfaces
[0.241s] [ 74%] Built target select_table_interfaces__py
[0.284s] [ 80%] Built target select_table_interfaces__rosidl_generator_py
[0.314s] [ 93%] Built target select_table_interfaces__rosidl_typesupport_c__pyext
[0.315s] [ 93%] Built target select_table_interfaces__rosidl_typesupport_introspection_c__pyext
[0.326s] [100%] Built target select_table_interfaces__rosidl_typesupport_fastrtps_c__pyext
[0.443s] running egg_info
[0.444s] writing select_table_interfaces.egg-info/PKG-INFO
[0.445s] writing dependency_links to select_table_interfaces.egg-info/dependency_links.txt
[0.445s] writing top-level names to select_table_interfaces.egg-info/top_level.txt
[0.451s] reading manifest file 'select_table_interfaces.egg-info/SOURCES.txt'
[0.451s] writing manifest file 'select_table_interfaces.egg-info/SOURCES.txt'
[0.493s] [100%] Built target ament_cmake_python_build_select_table_interfaces_egg
[0.513s] Invoked command in '/home/robot/ros_ws/build/select_table_interfaces' returned '0': CMAKE_PREFIX_PATH=${CMAKE_PREFIX_PATH}:/home/robot/ros_ws/install/pkg_website_beerpong:/home/robot/ros_ws/install/r2e_tutorial:/opt/ros_dependencies/install/ros_environment:/opt/ros/humble /usr/bin/cmake --build /home/robot/ros_ws/build/select_table_interfaces -- -j12 -l12
[0.633s] Invoking command in '/home/robot/ros_ws/build/select_table_interfaces': CMAKE_PREFIX_PATH=${CMAKE_PREFIX_PATH}:/home/robot/ros_ws/install/pkg_website_beerpong:/home/robot/ros_ws/install/r2e_tutorial:/opt/ros_dependencies/install/ros_environment:/opt/ros/humble /usr/bin/cmake --install /home/robot/ros_ws/build/select_table_interfaces
[0.644s] -- Install configuration: ""
[0.645s] -- Up-to-date: /home/robot/ros_ws/install/select_table_interfaces/share/ament_index/resource_index/rosidl_interfaces/select_table_interfaces
[0.646s] -- Up-to-date: /home/robot/ros_ws/install/select_table_interfaces/include/select_table_interfaces/select_table_interfaces
[0.647s] -- Up-to-date: /home/robot/ros_ws/install/select_table_interfaces/include/select_table_interfaces/select_table_interfaces/srv
[0.648s] -- Up-to-date: /home/robot/ros_ws/install/select_table_interfaces/include/select_table_interfaces/select_table_interfaces/srv/detail
[0.648s] -- Up-to-date: /home/robot/ros_ws/install/select_table_interfaces/include/select_table_interfaces/select_table_interfaces/srv/detail/table_select__struct.h
[0.648s] -- Up-to-date: /home/robot/ros_ws/install/select_table_interfaces/include/select_table_interfaces/select_table_interfaces/srv/detail/table_select__type_support.h
[0.648s] -- Up-to-date: /home/robot/ros_ws/install/select_table_interfaces/include/select_table_interfaces/select_table_interfaces/srv/detail/table_select__functions.c
[0.649s] -- Up-to-date: /home/robot/ros_ws/install/select_table_interfaces/include/select_table_interfaces/select_table_interfaces/srv/detail/table_select__functions.h
[0.649s] -- Up-to-date: /home/robot/ros_ws/install/select_table_interfaces/include/select_table_interfaces/select_table_interfaces/srv/table_select.h
[0.649s] -- Up-to-date: /home/robot/ros_ws/install/select_table_interfaces/include/select_table_interfaces/select_table_interfaces/msg
[0.649s] -- Up-to-date: /home/robot/ros_ws/install/select_table_interfaces/include/select_table_interfaces/select_table_interfaces/msg/rosidl_generator_c__visibility_control.h
[0.650s] -- Up-to-date: /home/robot/ros_ws/install/select_table_interfaces/share/select_table_interfaces/environment/library_path.sh
[0.650s] -- Up-to-date: /home/robot/ros_ws/install/select_table_interfaces/share/select_table_interfaces/environment/library_path.dsv
[0.650s] -- Up-to-date: /home/robot/ros_ws/install/select_table_interfaces/lib/libselect_table_interfaces__rosidl_generator_c.so
[0.650s] -- Up-to-date: /home/robot/ros_ws/install/select_table_interfaces/include/select_table_interfaces/select_table_interfaces
[0.650s] -- Up-to-date: /home/robot/ros_ws/install/select_table_interfaces/include/select_table_interfaces/select_table_interfaces/srv
[0.650s] -- Up-to-date: /home/robot/ros_ws/install/select_table_interfaces/include/select_table_interfaces/select_table_interfaces/srv/detail
[0.653s] -- Up-to-date: /home/robot/ros_ws/install/select_table_interfaces/include/select_table_interfaces/select_table_interfaces/srv/detail/table_select__rosidl_typesupport_fastrtps_c.h
[0.654s] -- Up-to-date: /home/robot/ros_ws/install/select_table_interfaces/include/select_table_interfaces/select_table_interfaces/msg
[0.654s] -- Up-to-date: /home/robot/ros_ws/install/select_table_interfaces/include/select_table_interfaces/select_table_interfaces/msg/rosidl_typesupport_fastrtps_c__visibility_control.h
[0.654s] -- Up-to-date: /home/robot/ros_ws/install/select_table_interfaces/lib/libselect_table_interfaces__rosidl_typesupport_fastrtps_c.so
[0.655s] -- Up-to-date: /home/robot/ros_ws/install/select_table_interfaces/include/select_table_interfaces/select_table_interfaces
[0.657s] -- Up-to-date: /home/robot/ros_ws/install/select_table_interfaces/include/select_table_interfaces/select_table_interfaces/srv
[0.657s] -- Up-to-date: /home/robot/ros_ws/install/select_table_interfaces/include/select_table_interfaces/select_table_interfaces/srv/detail
[0.657s] -- Up-to-date: /home/robot/ros_ws/install/select_table_interfaces/include/select_table_interfaces/select_table_interfaces/srv/detail/table_select__rosidl_typesupport_introspection_c.h
[0.657s] -- Up-to-date: /home/robot/ros_ws/install/select_table_interfaces/include/select_table_interfaces/select_table_interfaces/srv/detail/table_select__type_support.c
[0.657s] -- Up-to-date: /home/robot/ros_ws/install/select_table_interfaces/include/select_table_interfaces/select_table_interfaces/msg
[0.657s] -- Up-to-date: /home/robot/ros_ws/install/select_table_interfaces/include/select_table_interfaces/select_table_interfaces/msg/rosidl_typesupport_introspection_c__visibility_control.h
[0.657s] -- Up-to-date: /home/robot/ros_ws/install/select_table_interfaces/lib/libselect_table_interfaces__rosidl_typesupport_introspection_c.so
[0.657s] -- Up-to-date: /home/robot/ros_ws/install/select_table_interfaces/lib/libselect_table_interfaces__rosidl_typesupport_c.so
[0.657s] -- Up-to-date: /home/robot/ros_ws/install/select_table_interfaces/include/select_table_interfaces/select_table_interfaces
[0.658s] -- Up-to-date: /home/robot/ros_ws/install/select_table_interfaces/include/select_table_interfaces/select_table_interfaces/srv
[0.658s] -- Up-to-date: /home/robot/ros_ws/install/select_table_interfaces/include/select_table_interfaces/select_table_interfaces/srv/detail
[0.658s] -- Up-to-date: /home/robot/ros_ws/install/select_table_interfaces/include/select_table_interfaces/select_table_interfaces/srv/detail/table_select__struct.hpp
[0.658s] -- Up-to-date: /home/robot/ros_ws/install/select_table_interfaces/include/select_table_interfaces/select_table_interfaces/srv/detail/table_select__traits.hpp
[0.658s] -- Up-to-date: /home/robot/ros_ws/install/select_table_interfaces/include/select_table_interfaces/select_table_interfaces/srv/detail/table_select__builder.hpp
[0.658s] -- Up-to-date: /home/robot/ros_ws/install/select_table_interfaces/include/select_table_interfaces/select_table_interfaces/srv/table_select.hpp
[0.658s] -- Up-to-date: /home/robot/ros_ws/install/select_table_interfaces/include/select_table_interfaces/select_table_interfaces
[0.658s] -- Up-to-date: /home/robot/ros_ws/install/select_table_interfaces/include/select_table_interfaces/select_table_interfaces/srv
[0.658s] -- Up-to-date: /home/robot/ros_ws/install/select_table_interfaces/include/select_table_interfaces/select_table_interfaces/srv/detail
[0.658s] -- Up-to-date: /home/robot/ros_ws/install/select_table_interfaces/include/select_table_interfaces/select_table_interfaces/srv/detail/table_select__rosidl_typesupport_fastrtps_cpp.hpp
[0.658s] -- Up-to-date: /home/robot/ros_ws/install/select_table_interfaces/include/select_table_interfaces/select_table_interfaces/srv/detail/dds_fastrtps
[0.658s] -- Up-to-date: /home/robot/ros_ws/install/select_table_interfaces/include/select_table_interfaces/select_table_interfaces/msg
[0.659s] -- Up-to-date: /home/robot/ros_ws/install/select_table_interfaces/include/select_table_interfaces/select_table_interfaces/msg/rosidl_typesupport_fastrtps_cpp__visibility_control.h
[0.659s] -- Up-to-date: /home/robot/ros_ws/install/select_table_interfaces/lib/libselect_table_interfaces__rosidl_typesupport_fastrtps_cpp.so
[0.659s] -- Up-to-date: /home/robot/ros_ws/install/select_table_interfaces/include/select_table_interfaces/select_table_interfaces
[0.659s] -- Up-to-date: /home/robot/ros_ws/install/select_table_interfaces/include/select_table_interfaces/select_table_interfaces/srv
[0.659s] -- Up-to-date: /home/robot/ros_ws/install/select_table_interfaces/include/select_table_interfaces/select_table_interfaces/srv/detail
[0.659s] -- Up-to-date: /home/robot/ros_ws/install/select_table_interfaces/include/select_table_interfaces/select_table_interfaces/srv/detail/table_select__rosidl_typesupport_introspection_cpp.hpp
[0.659s] -- Up-to-date: /home/robot/ros_ws/install/select_table_interfaces/include/select_table_interfaces/select_table_interfaces/srv/detail/table_select__type_support.cpp
[0.659s] -- Up-to-date: /home/robot/ros_ws/install/select_table_interfaces/lib/libselect_table_interfaces__rosidl_typesupport_introspection_cpp.so
[0.659s] -- Up-to-date: /home/robot/ros_ws/install/select_table_interfaces/lib/libselect_table_interfaces__rosidl_typesupport_cpp.so
[0.659s] -- Up-to-date: /home/robot/ros_ws/install/select_table_interfaces/share/select_table_interfaces/environment/pythonpath.sh
[0.659s] -- Up-to-date: /home/robot/ros_ws/install/select_table_interfaces/share/select_table_interfaces/environment/pythonpath.dsv
[0.659s] -- Up-to-date: /home/robot/ros_ws/install/select_table_interfaces/local/lib/python3.10/dist-packages/select_table_interfaces-0.0.0-py3.10.egg-info
[0.660s] -- Installing: /home/robot/ros_ws/install/select_table_interfaces/local/lib/python3.10/dist-packages/select_table_interfaces-0.0.0-py3.10.egg-info/PKG-INFO
[0.660s] -- Installing: /home/robot/ros_ws/install/select_table_interfaces/local/lib/python3.10/dist-packages/select_table_interfaces-0.0.0-py3.10.egg-info/top_level.txt
[0.660s] -- Installing: /home/robot/ros_ws/install/select_table_interfaces/local/lib/python3.10/dist-packages/select_table_interfaces-0.0.0-py3.10.egg-info/SOURCES.txt
[0.660s] -- Installing: /home/robot/ros_ws/install/select_table_interfaces/local/lib/python3.10/dist-packages/select_table_interfaces-0.0.0-py3.10.egg-info/dependency_links.txt
[0.660s] -- Up-to-date: /home/robot/ros_ws/install/select_table_interfaces/local/lib/python3.10/dist-packages/select_table_interfaces
[0.660s] -- Up-to-date: /home/robot/ros_ws/install/select_table_interfaces/local/lib/python3.10/dist-packages/select_table_interfaces/select_table_interfaces_s__rosidl_typesupport_fastrtps_c.cpython-310-x86_64-linux-gnu.so
[0.660s] -- Up-to-date: /home/robot/ros_ws/install/select_table_interfaces/local/lib/python3.10/dist-packages/select_table_interfaces/select_table_interfaces_s__rosidl_typesupport_introspection_c.cpython-310-x86_64-linux-gnu.so
[0.660s] -- Up-to-date: /home/robot/ros_ws/install/select_table_interfaces/local/lib/python3.10/dist-packages/select_table_interfaces/srv
[0.660s] -- Up-to-date: /home/robot/ros_ws/install/select_table_interfaces/local/lib/python3.10/dist-packages/select_table_interfaces/srv/_table_select.py
[0.661s] -- Up-to-date: /home/robot/ros_ws/install/select_table_interfaces/local/lib/python3.10/dist-packages/select_table_interfaces/srv/_table_select_s.c
[0.661s] -- Up-to-date: /home/robot/ros_ws/install/select_table_interfaces/local/lib/python3.10/dist-packages/select_table_interfaces/srv/__init__.py
[0.661s] -- Up-to-date: /home/robot/ros_ws/install/select_table_interfaces/local/lib/python3.10/dist-packages/select_table_interfaces/select_table_interfaces_s__rosidl_typesupport_c.cpython-310-x86_64-linux-gnu.so
[0.661s] -- Up-to-date: /home/robot/ros_ws/install/select_table_interfaces/local/lib/python3.10/dist-packages/select_table_interfaces/_select_table_interfaces_s.ep.rosidl_typesupport_introspection_c.c
[0.661s] -- Up-to-date: /home/robot/ros_ws/install/select_table_interfaces/local/lib/python3.10/dist-packages/select_table_interfaces/__init__.py
[0.661s] -- Up-to-date: /home/robot/ros_ws/install/select_table_interfaces/local/lib/python3.10/dist-packages/select_table_interfaces/_select_table_interfaces_s.ep.rosidl_typesupport_c.c
[0.661s] -- Up-to-date: /home/robot/ros_ws/install/select_table_interfaces/local/lib/python3.10/dist-packages/select_table_interfaces/libselect_table_interfaces__rosidl_generator_py.so
[0.661s] -- Up-to-date: /home/robot/ros_ws/install/select_table_interfaces/local/lib/python3.10/dist-packages/select_table_interfaces/_select_table_interfaces_s.ep.rosidl_typesupport_fastrtps_c.c
[0.700s] Listing '/home/robot/ros_ws/install/select_table_interfaces/local/lib/python3.10/dist-packages/select_table_interfaces'...
[0.700s] Listing '/home/robot/ros_ws/install/select_table_interfaces/local/lib/python3.10/dist-packages/select_table_interfaces/srv'...
[0.706s] -- Up-to-date: /home/robot/ros_ws/install/select_table_interfaces/local/lib/python3.10/dist-packages/select_table_interfaces/select_table_interfaces_s__rosidl_typesupport_fastrtps_c.cpython-310-x86_64-linux-gnu.so
[0.706s] -- Up-to-date: /home/robot/ros_ws/install/select_table_interfaces/local/lib/python3.10/dist-packages/select_table_interfaces/select_table_interfaces_s__rosidl_typesupport_introspection_c.cpython-310-x86_64-linux-gnu.so
[0.707s] -- Up-to-date: /home/robot/ros_ws/install/select_table_interfaces/local/lib/python3.10/dist-packages/select_table_interfaces/select_table_interfaces_s__rosidl_typesupport_c.cpython-310-x86_64-linux-gnu.so
[0.707s] -- Up-to-date: /home/robot/ros_ws/install/select_table_interfaces/lib/libselect_table_interfaces__rosidl_generator_py.so
[0.708s] -- Up-to-date: /home/robot/ros_ws/install/select_table_interfaces/share/select_table_interfaces/srv/TableSelect.idl
[0.708s] -- Up-to-date: /home/robot/ros_ws/install/select_table_interfaces/share/select_table_interfaces/srv/TableSelect.srv
[0.708s] -- Up-to-date: /home/robot/ros_ws/install/select_table_interfaces/share/select_table_interfaces/srv/TableSelect_Request.msg
[0.708s] -- Up-to-date: /home/robot/ros_ws/install/select_table_interfaces/share/select_table_interfaces/srv/TableSelect_Response.msg
[0.708s] -- Up-to-date: /home/robot/ros_ws/install/select_table_interfaces/share/ament_index/resource_index/package_run_dependencies/select_table_interfaces
[0.708s] -- Up-to-date: /home/robot/ros_ws/install/select_table_interfaces/share/ament_index/resource_index/parent_prefix_path/select_table_interfaces
[0.709s] -- Up-to-date: /home/robot/ros_ws/install/select_table_interfaces/share/select_table_interfaces/environment/ament_prefix_path.sh
[0.709s] -- Up-to-date: /home/robot/ros_ws/install/select_table_interfaces/share/select_table_interfaces/environment/ament_prefix_path.dsv
[0.709s] -- Up-to-date: /home/robot/ros_ws/install/select_table_interfaces/share/select_table_interfaces/environment/path.sh
[0.709s] -- Up-to-date: /home/robot/ros_ws/install/select_table_interfaces/share/select_table_interfaces/environment/path.dsv
[0.709s] -- Up-to-date: /home/robot/ros_ws/install/select_table_interfaces/share/select_table_interfaces/local_setup.bash
[0.709s] -- Up-to-date: /home/robot/ros_ws/install/select_table_interfaces/share/select_table_interfaces/local_setup.sh
[0.713s] -- Up-to-date: /home/robot/ros_ws/install/select_table_interfaces/share/select_table_interfaces/local_setup.zsh
[0.713s] -- Up-to-date: /home/robot/ros_ws/install/select_table_interfaces/share/select_table_interfaces/local_setup.dsv
[0.714s] -- Installing: /home/robot/ros_ws/install/select_table_interfaces/share/select_table_interfaces/package.dsv
[0.714s] -- Up-to-date: /home/robot/ros_ws/install/select_table_interfaces/share/ament_index/resource_index/packages/select_table_interfaces
[0.714s] -- Up-to-date: /home/robot/ros_ws/install/select_table_interfaces/share/select_table_interfaces/cmake/export_select_table_interfaces__rosidl_generator_cExport.cmake
[0.714s] -- Up-to-date: /home/robot/ros_ws/install/select_table_interfaces/share/select_table_interfaces/cmake/export_select_table_interfaces__rosidl_generator_cExport-noconfig.cmake
[0.714s] -- Up-to-date: /home/robot/ros_ws/install/select_table_interfaces/share/select_table_interfaces/cmake/export_select_table_interfaces__rosidl_typesupport_fastrtps_cExport.cmake
[0.714s] -- Up-to-date: /home/robot/ros_ws/install/select_table_interfaces/share/select_table_interfaces/cmake/export_select_table_interfaces__rosidl_typesupport_fastrtps_cExport-noconfig.cmake
[0.714s] -- Up-to-date: /home/robot/ros_ws/install/select_table_interfaces/share/select_table_interfaces/cmake/select_table_interfaces__rosidl_typesupport_introspection_cExport.cmake
[0.714s] -- Up-to-date: /home/robot/ros_ws/install/select_table_interfaces/share/select_table_interfaces/cmake/select_table_interfaces__rosidl_typesupport_introspection_cExport-noconfig.cmake
[0.714s] -- Up-to-date: /home/robot/ros_ws/install/select_table_interfaces/share/select_table_interfaces/cmake/select_table_interfaces__rosidl_typesupport_cExport.cmake
[0.714s] -- Up-to-date: /home/robot/ros_ws/install/select_table_interfaces/share/select_table_interfaces/cmake/select_table_interfaces__rosidl_typesupport_cExport-noconfig.cmake
[0.715s] -- Up-to-date: /home/robot/ros_ws/install/select_table_interfaces/share/select_table_interfaces/cmake/export_select_table_interfaces__rosidl_generator_cppExport.cmake
[0.715s] -- Up-to-date: /home/robot/ros_ws/install/select_table_interfaces/share/select_table_interfaces/cmake/export_select_table_interfaces__rosidl_typesupport_fastrtps_cppExport.cmake
[0.715s] -- Up-to-date: /home/robot/ros_ws/install/select_table_interfaces/share/select_table_interfaces/cmake/export_select_table_interfaces__rosidl_typesupport_fastrtps_cppExport-noconfig.cmake
[0.715s] -- Up-to-date: /home/robot/ros_ws/install/select_table_interfaces/share/select_table_interfaces/cmake/select_table_interfaces__rosidl_typesupport_introspection_cppExport.cmake
[0.715s] -- Up-to-date: /home/robot/ros_ws/install/select_table_interfaces/share/select_table_interfaces/cmake/select_table_interfaces__rosidl_typesupport_introspection_cppExport-noconfig.cmake
[0.715s] -- Up-to-date: /home/robot/ros_ws/install/select_table_interfaces/share/select_table_interfaces/cmake/select_table_interfaces__rosidl_typesupport_cppExport.cmake
[0.715s] -- Up-to-date: /home/robot/ros_ws/install/select_table_interfaces/share/select_table_interfaces/cmake/select_table_interfaces__rosidl_typesupport_cppExport-noconfig.cmake
[0.715s] -- Up-to-date: /home/robot/ros_ws/install/select_table_interfaces/share/select_table_interfaces/cmake/export_select_table_interfaces__rosidl_generator_pyExport.cmake
[0.715s] -- Up-to-date: /home/robot/ros_ws/install/select_table_interfaces/share/select_table_interfaces/cmake/export_select_table_interfaces__rosidl_generator_pyExport-noconfig.cmake
[0.715s] -- Up-to-date: /home/robot/ros_ws/install/select_table_interfaces/share/select_table_interfaces/cmake/rosidl_cmake-extras.cmake
[0.715s] -- Up-to-date: /home/robot/ros_ws/install/select_table_interfaces/share/select_table_interfaces/cmake/ament_cmake_export_dependencies-extras.cmake
[0.716s] -- Up-to-date: /home/robot/ros_ws/install/select_table_interfaces/share/select_table_interfaces/cmake/ament_cmake_export_include_directories-extras.cmake
[0.716s] -- Up-to-date: /home/robot/ros_ws/install/select_table_interfaces/share/select_table_interfaces/cmake/ament_cmake_export_libraries-extras.cmake
[0.716s] -- Up-to-date: /home/robot/ros_ws/install/select_table_interfaces/share/select_table_interfaces/cmake/ament_cmake_export_targets-extras.cmake
[0.716s] -- Up-to-date: /home/robot/ros_ws/install/select_table_interfaces/share/select_table_interfaces/cmake/rosidl_cmake_export_typesupport_targets-extras.cmake
[0.716s] -- Up-to-date: /home/robot/ros_ws/install/select_table_interfaces/share/select_table_interfaces/cmake/rosidl_cmake_export_typesupport_libraries-extras.cmake
[0.716s] -- Up-to-date: /home/robot/ros_ws/install/select_table_interfaces/share/select_table_interfaces/cmake/select_table_interfacesConfig.cmake
[0.716s] -- Up-to-date: /home/robot/ros_ws/install/select_table_interfaces/share/select_table_interfaces/cmake/select_table_interfacesConfig-version.cmake
[0.716s] -- Up-to-date: /home/robot/ros_ws/install/select_table_interfaces/share/select_table_interfaces/package.xml
[0.725s] Invoked command in '/home/robot/ros_ws/build/select_table_interfaces' returned '0': CMAKE_PREFIX_PATH=${CMAKE_PREFIX_PATH}:/home/robot/ros_ws/install/pkg_website_beerpong:/home/robot/ros_ws/install/r2e_tutorial:/opt/ros_dependencies/install/ros_environment:/opt/ros/humble /usr/bin/cmake --install /home/robot/ros_ws/build/select_table_interfaces
