[0.034s] Invoking command in '/home/robot/ros_ws/build/select_table_interfaces': CMAKE_PREFIX_PATH=${CMAKE_PREFIX_PATH}:/opt/ros_dependencies/install/ros_environment:/opt/ros/humble /usr/bin/cmake /home/robot/ros_ws/src/select_table_interfaces -DCMAKE_INSTALL_PREFIX=/home/robot/ros_ws/install/select_table_interfaces
[0.120s] -- The C compiler identification is GNU 11.4.0
[0.205s] -- The CXX compiler identification is GNU 11.4.0
[0.215s] -- Detecting C compiler ABI info
[0.319s] -- Detecting C compiler ABI info - done
[0.332s] -- Check for working C compiler: /usr/bin/cc - skipped
[0.333s] -- Detecting C compile features
[0.335s] -- Detecting C compile features - done
[0.341s] -- Detecting CXX compiler ABI info
[0.477s] -- Detecting CXX compiler ABI info - done
[0.494s] -- Check for working CXX compiler: /usr/bin/c++ - skipped
[0.494s] -- Detecting CXX compile features
[0.495s] -- Detecting CXX compile features - done
[0.506s] -- Found ament_cmake: 1.3.5 (/opt/ros/humble/share/ament_cmake/cmake)
[0.768s] -- Found Python3: /usr/bin/python3.10 (found version "3.10.12") found components: Interpreter 
[0.961s] -- Found rosidl_default_generators: 1.2.0 (/opt/ros/humble/share/rosidl_default_generators/cmake)
[0.974s] -- Using all available rosidl_typesupport_c: rosidl_typesupport_fastrtps_c;rosidl_typesupport_introspection_c
[0.996s] -- Found rosidl_adapter: 3.1.5 (/opt/ros/humble/share/rosidl_adapter/cmake)
[1.098s] -- Using all available rosidl_typesupport_cpp: rosidl_typesupport_fastrtps_cpp;rosidl_typesupport_introspection_cpp
[1.196s] -- Found std_srvs: 4.2.3 (/opt/ros/humble/share/std_srvs/cmake)
[1.545s] -- Found ament_cmake_ros: 0.10.0 (/opt/ros/humble/share/ament_cmake_ros/cmake)
[1.797s] -- Using all available rosidl_typesupport_c: rosidl_typesupport_fastrtps_c;rosidl_typesupport_introspection_c
[2.058s] -- Using all available rosidl_typesupport_cpp: rosidl_typesupport_fastrtps_cpp;rosidl_typesupport_introspection_cpp
[2.084s] -- Found PythonInterp: /usr/bin/python3 (found suitable version "3.10.12", minimum required is "3.6") 
[2.088s] -- Found python_cmake_module: 0.10.0 (/opt/ros/humble/share/python_cmake_module/cmake)
[2.113s] -- Found PythonLibs: /usr/lib/x86_64-linux-gnu/libpython3.10.so (found suitable version "3.10.12", minimum required is "3.5") 
[2.113s] -- Using PYTHON_EXECUTABLE: /usr/bin/python3
[2.113s] -- Using PYTHON_INCLUDE_DIRS: /usr/include/python3.10
[2.113s] -- Using PYTHON_LIBRARIES: /usr/lib/x86_64-linux-gnu/libpython3.10.so
[2.144s] -- Found PythonExtra: .so  
[2.203s] -- Found ament_lint_auto: 0.12.7 (/opt/ros/humble/share/ament_lint_auto/cmake)
[2.254s] -- Added test 'lint_cmake' to check CMake code style
[2.255s] -- Added test 'xmllint' to check XML markup files
[2.260s] -- Configuring done
[2.306s] -- Generating done
[2.309s] -- Build files have been written to: /home/robot/ros_ws/build/select_table_interfaces
[2.317s] Invoked command in '/home/robot/ros_ws/build/select_table_interfaces' returned '0': CMAKE_PREFIX_PATH=${CMAKE_PREFIX_PATH}:/opt/ros_dependencies/install/ros_environment:/opt/ros/humble /usr/bin/cmake /home/robot/ros_ws/src/select_table_interfaces -DCMAKE_INSTALL_PREFIX=/home/robot/ros_ws/install/select_table_interfaces
[2.318s] Invoking command in '/home/robot/ros_ws/build/select_table_interfaces': CMAKE_PREFIX_PATH=${CMAKE_PREFIX_PATH}:/opt/ros_dependencies/install/ros_environment:/opt/ros/humble /usr/bin/cmake --build /home/robot/ros_ws/build/select_table_interfaces -- -j12 -l12
[2.375s] [  3%] [34m[1mGenerating C code for ROS interfaces[0m
[2.397s] [  6%] [34m[1mGenerating C++ code for ROS interfaces[0m
[2.413s] [  6%] Built target ament_cmake_python_copy_select_table_interfaces
[2.754s] [  9%] [32mBuilding C object CMakeFiles/select_table_interfaces__rosidl_generator_c.dir/rosidl_generator_c/select_table_interfaces/srv/detail/table_select__functions.c.o[0m
[2.756s] running egg_info
[2.757s] creating select_table_interfaces.egg-info
[2.757s] writing select_table_interfaces.egg-info/PKG-INFO
[2.757s] writing dependency_links to select_table_interfaces.egg-info/dependency_links.txt
[2.758s] writing top-level names to select_table_interfaces.egg-info/top_level.txt
[2.758s] writing manifest file 'select_table_interfaces.egg-info/SOURCES.txt'
[2.762s] reading manifest file 'select_table_interfaces.egg-info/SOURCES.txt'
[2.762s] writing manifest file 'select_table_interfaces.egg-info/SOURCES.txt'
[2.766s] [  9%] Built target select_table_interfaces__cpp
[2.781s] [ 12%] [34m[1mGenerating C++ type support dispatch for ROS interfaces[0m
[2.801s] [ 19%] [34m[1mGenerating C++ introspection for ROS interfaces[0m
[2.801s] [ 19%] [34m[1mGenerating C++ type support for eProsima Fast-RTPS[0m
[2.832s] [ 19%] Built target ament_cmake_python_build_select_table_interfaces_egg
[2.852s] [ 22%] [32m[1mLinking C shared library libselect_table_interfaces__rosidl_generator_c.so[0m
[2.913s] [ 22%] Built target select_table_interfaces__rosidl_generator_c
[2.935s] [ 25%] [34m[1mGenerating C introspection for ROS interfaces[0m
[2.936s] [ 29%] [34m[1mGenerating C type support for eProsima Fast-RTPS[0m
[2.960s] [ 32%] [34m[1mGenerating C type support dispatch for ROS interfaces[0m
[3.137s] [ 35%] [32mBuilding CXX object CMakeFiles/select_table_interfaces__rosidl_typesupport_cpp.dir/rosidl_typesupport_cpp/select_table_interfaces/srv/table_select__type_support.cpp.o[0m
[3.253s] [ 38%] [32mBuilding CXX object CMakeFiles/select_table_interfaces__rosidl_typesupport_fastrtps_cpp.dir/rosidl_typesupport_fastrtps_cpp/select_table_interfaces/srv/detail/dds_fastrtps/table_select__type_support.cpp.o[0m
[3.326s] [ 41%] [32mBuilding CXX object CMakeFiles/select_table_interfaces__rosidl_typesupport_introspection_cpp.dir/rosidl_typesupport_introspection_cpp/select_table_interfaces/srv/detail/table_select__type_support.cpp.o[0m
[3.411s] [ 45%] [32mBuilding C object CMakeFiles/select_table_interfaces__rosidl_typesupport_introspection_c.dir/rosidl_typesupport_introspection_c/select_table_interfaces/srv/detail/table_select__type_support.c.o[0m
[3.423s] [ 48%] [32mBuilding CXX object CMakeFiles/select_table_interfaces__rosidl_typesupport_c.dir/rosidl_typesupport_c/select_table_interfaces/srv/table_select__type_support.cpp.o[0m
[3.468s] [ 51%] [32m[1mLinking C shared library libselect_table_interfaces__rosidl_typesupport_introspection_c.so[0m
[3.472s] [ 54%] [32mBuilding CXX object CMakeFiles/select_table_interfaces__rosidl_typesupport_fastrtps_c.dir/rosidl_typesupport_fastrtps_c/select_table_interfaces/srv/detail/table_select__type_support_c.cpp.o[0m
[3.484s] [ 58%] [32m[1mLinking CXX shared library libselect_table_interfaces__rosidl_typesupport_c.so[0m
[3.587s] [ 58%] Built target select_table_interfaces__rosidl_typesupport_c
[3.590s] [ 58%] Built target select_table_interfaces__rosidl_typesupport_introspection_c
[3.624s] [ 61%] [32m[1mLinking CXX shared library libselect_table_interfaces__rosidl_typesupport_cpp.so[0m
[3.699s] [ 61%] Built target select_table_interfaces__rosidl_typesupport_cpp
[3.808s] [ 64%] [32m[1mLinking CXX shared library libselect_table_interfaces__rosidl_typesupport_fastrtps_cpp.so[0m
[3.891s] [ 67%] [32m[1mLinking CXX shared library libselect_table_interfaces__rosidl_typesupport_fastrtps_c.so[0m
[3.894s] [ 67%] Built target select_table_interfaces__rosidl_typesupport_fastrtps_cpp
[3.908s] [ 70%] [32m[1mLinking CXX shared library libselect_table_interfaces__rosidl_typesupport_introspection_cpp.so[0m
[3.954s] [ 70%] Built target select_table_interfaces__rosidl_typesupport_introspection_cpp
[3.966s] [ 70%] Built target select_table_interfaces__rosidl_typesupport_fastrtps_c
[3.985s] [ 70%] Built target select_table_interfaces
[4.005s] [ 74%] [34m[1mGenerating Python code for ROS interfaces[0m
[4.288s] [ 74%] Built target select_table_interfaces__py
[4.306s] [ 77%] [32mBuilding C object CMakeFiles/select_table_interfaces__rosidl_generator_py.dir/rosidl_generator_py/select_table_interfaces/srv/_table_select_s.c.o[0m
[4.397s] [ 80%] [32m[1mLinking C shared library rosidl_generator_py/select_table_interfaces/libselect_table_interfaces__rosidl_generator_py.so[0m
[4.434s] [ 80%] Built target select_table_interfaces__rosidl_generator_py
[4.455s] [ 83%] [32mBuilding C object CMakeFiles/select_table_interfaces__rosidl_typesupport_introspection_c__pyext.dir/rosidl_generator_py/select_table_interfaces/_select_table_interfaces_s.ep.rosidl_typesupport_introspection_c.c.o[0m
[4.455s] [ 87%] [32mBuilding C object CMakeFiles/select_table_interfaces__rosidl_typesupport_c__pyext.dir/rosidl_generator_py/select_table_interfaces/_select_table_interfaces_s.ep.rosidl_typesupport_c.c.o[0m
[4.456s] [ 90%] [32mBuilding C object CMakeFiles/select_table_interfaces__rosidl_typesupport_fastrtps_c__pyext.dir/rosidl_generator_py/select_table_interfaces/_select_table_interfaces_s.ep.rosidl_typesupport_fastrtps_c.c.o[0m
[4.556s] [ 96%] [32m[1mLinking C shared library rosidl_generator_py/select_table_interfaces/select_table_interfaces_s__rosidl_typesupport_introspection_c.cpython-310-x86_64-linux-gnu.so[0m
[4.557s] [ 96%] [32m[1mLinking C shared library rosidl_generator_py/select_table_interfaces/select_table_interfaces_s__rosidl_typesupport_fastrtps_c.cpython-310-x86_64-linux-gnu.so[0m
[4.561s] [100%] [32m[1mLinking C shared library rosidl_generator_py/select_table_interfaces/select_table_interfaces_s__rosidl_typesupport_c.cpython-310-x86_64-linux-gnu.so[0m
[4.591s] [100%] Built target select_table_interfaces__rosidl_typesupport_introspection_c__pyext
[4.593s] [100%] Built target select_table_interfaces__rosidl_typesupport_fastrtps_c__pyext
[4.596s] [100%] Built target select_table_interfaces__rosidl_typesupport_c__pyext
[4.606s] Invoked command in '/home/robot/ros_ws/build/select_table_interfaces' returned '0': CMAKE_PREFIX_PATH=${CMAKE_PREFIX_PATH}:/opt/ros_dependencies/install/ros_environment:/opt/ros/humble /usr/bin/cmake --build /home/robot/ros_ws/build/select_table_interfaces -- -j12 -l12
[4.679s] Invoking command in '/home/robot/ros_ws/build/select_table_interfaces': CMAKE_PREFIX_PATH=${CMAKE_PREFIX_PATH}:/opt/ros_dependencies/install/ros_environment:/opt/ros/humble /usr/bin/cmake --install /home/robot/ros_ws/build/select_table_interfaces
[4.687s] -- Install configuration: ""
[4.687s] -- Installing: /home/robot/ros_ws/install/select_table_interfaces/share/ament_index/resource_index/rosidl_interfaces/select_table_interfaces
[4.687s] -- Installing: /home/robot/ros_ws/install/select_table_interfaces/include/select_table_interfaces/select_table_interfaces
[4.687s] -- Installing: /home/robot/ros_ws/install/select_table_interfaces/include/select_table_interfaces/select_table_interfaces/srv
[4.687s] -- Installing: /home/robot/ros_ws/install/select_table_interfaces/include/select_table_interfaces/select_table_interfaces/srv/detail
[4.687s] -- Installing: /home/robot/ros_ws/install/select_table_interfaces/include/select_table_interfaces/select_table_interfaces/srv/detail/table_select__struct.h
[4.687s] -- Installing: /home/robot/ros_ws/install/select_table_interfaces/include/select_table_interfaces/select_table_interfaces/srv/detail/table_select__type_support.h
[4.688s] -- Installing: /home/robot/ros_ws/install/select_table_interfaces/include/select_table_interfaces/select_table_interfaces/srv/detail/table_select__functions.c
[4.688s] -- Installing: /home/robot/ros_ws/install/select_table_interfaces/include/select_table_interfaces/select_table_interfaces/srv/detail/table_select__functions.h
[4.688s] -- Installing: /home/robot/ros_ws/install/select_table_interfaces/include/select_table_interfaces/select_table_interfaces/srv/table_select.h
[4.688s] -- Installing: /home/robot/ros_ws/install/select_table_interfaces/include/select_table_interfaces/select_table_interfaces/msg
[4.688s] -- Installing: /home/robot/ros_ws/install/select_table_interfaces/include/select_table_interfaces/select_table_interfaces/msg/rosidl_generator_c__visibility_control.h
[4.688s] -- Installing: /home/robot/ros_ws/install/select_table_interfaces/share/select_table_interfaces/environment/library_path.sh
[4.688s] -- Installing: /home/robot/ros_ws/install/select_table_interfaces/share/select_table_interfaces/environment/library_path.dsv
[4.689s] -- Installing: /home/robot/ros_ws/install/select_table_interfaces/lib/libselect_table_interfaces__rosidl_generator_c.so
[4.689s] -- Set runtime path of "/home/robot/ros_ws/install/select_table_interfaces/lib/libselect_table_interfaces__rosidl_generator_c.so" to ""
[4.689s] -- Up-to-date: /home/robot/ros_ws/install/select_table_interfaces/include/select_table_interfaces/select_table_interfaces
[4.689s] -- Up-to-date: /home/robot/ros_ws/install/select_table_interfaces/include/select_table_interfaces/select_table_interfaces/srv
[4.690s] -- Up-to-date: /home/robot/ros_ws/install/select_table_interfaces/include/select_table_interfaces/select_table_interfaces/srv/detail
[4.690s] -- Installing: /home/robot/ros_ws/install/select_table_interfaces/include/select_table_interfaces/select_table_interfaces/srv/detail/table_select__rosidl_typesupport_fastrtps_c.h
[4.690s] -- Up-to-date: /home/robot/ros_ws/install/select_table_interfaces/include/select_table_interfaces/select_table_interfaces/msg
[4.690s] -- Installing: /home/robot/ros_ws/install/select_table_interfaces/include/select_table_interfaces/select_table_interfaces/msg/rosidl_typesupport_fastrtps_c__visibility_control.h
[4.690s] -- Installing: /home/robot/ros_ws/install/select_table_interfaces/lib/libselect_table_interfaces__rosidl_typesupport_fastrtps_c.so
[4.690s] -- Set runtime path of "/home/robot/ros_ws/install/select_table_interfaces/lib/libselect_table_interfaces__rosidl_typesupport_fastrtps_c.so" to ""
[4.690s] -- Up-to-date: /home/robot/ros_ws/install/select_table_interfaces/include/select_table_interfaces/select_table_interfaces
[4.690s] -- Up-to-date: /home/robot/ros_ws/install/select_table_interfaces/include/select_table_interfaces/select_table_interfaces/srv
[4.690s] -- Up-to-date: /home/robot/ros_ws/install/select_table_interfaces/include/select_table_interfaces/select_table_interfaces/srv/detail
[4.690s] -- Installing: /home/robot/ros_ws/install/select_table_interfaces/include/select_table_interfaces/select_table_interfaces/srv/detail/table_select__rosidl_typesupport_introspection_c.h
[4.691s] -- Installing: /home/robot/ros_ws/install/select_table_interfaces/include/select_table_interfaces/select_table_interfaces/srv/detail/table_select__type_support.c
[4.691s] -- Up-to-date: /home/robot/ros_ws/install/select_table_interfaces/include/select_table_interfaces/select_table_interfaces/msg
[4.691s] -- Installing: /home/robot/ros_ws/install/select_table_interfaces/include/select_table_interfaces/select_table_interfaces/msg/rosidl_typesupport_introspection_c__visibility_control.h
[4.691s] -- Installing: /home/robot/ros_ws/install/select_table_interfaces/lib/libselect_table_interfaces__rosidl_typesupport_introspection_c.so
[4.691s] -- Set runtime path of "/home/robot/ros_ws/install/select_table_interfaces/lib/libselect_table_interfaces__rosidl_typesupport_introspection_c.so" to ""
[4.691s] -- Installing: /home/robot/ros_ws/install/select_table_interfaces/lib/libselect_table_interfaces__rosidl_typesupport_c.so
[4.692s] -- Set runtime path of "/home/robot/ros_ws/install/select_table_interfaces/lib/libselect_table_interfaces__rosidl_typesupport_c.so" to ""
[4.692s] -- Up-to-date: /home/robot/ros_ws/install/select_table_interfaces/include/select_table_interfaces/select_table_interfaces
[4.692s] -- Up-to-date: /home/robot/ros_ws/install/select_table_interfaces/include/select_table_interfaces/select_table_interfaces/srv
[4.692s] -- Up-to-date: /home/robot/ros_ws/install/select_table_interfaces/include/select_table_interfaces/select_table_interfaces/srv/detail
[4.692s] -- Installing: /home/robot/ros_ws/install/select_table_interfaces/include/select_table_interfaces/select_table_interfaces/srv/detail/table_select__struct.hpp
[4.692s] -- Installing: /home/robot/ros_ws/install/select_table_interfaces/include/select_table_interfaces/select_table_interfaces/srv/detail/table_select__traits.hpp
[4.692s] -- Installing: /home/robot/ros_ws/install/select_table_interfaces/include/select_table_interfaces/select_table_interfaces/srv/detail/table_select__builder.hpp
[4.692s] -- Installing: /home/robot/ros_ws/install/select_table_interfaces/include/select_table_interfaces/select_table_interfaces/srv/table_select.hpp
[4.692s] -- Up-to-date: /home/robot/ros_ws/install/select_table_interfaces/include/select_table_interfaces/select_table_interfaces
[4.692s] -- Up-to-date: /home/robot/ros_ws/install/select_table_interfaces/include/select_table_interfaces/select_table_interfaces/srv
[4.693s] -- Up-to-date: /home/robot/ros_ws/install/select_table_interfaces/include/select_table_interfaces/select_table_interfaces/srv/detail
[4.693s] -- Installing: /home/robot/ros_ws/install/select_table_interfaces/include/select_table_interfaces/select_table_interfaces/srv/detail/table_select__rosidl_typesupport_fastrtps_cpp.hpp
[4.693s] -- Installing: /home/robot/ros_ws/install/select_table_interfaces/include/select_table_interfaces/select_table_interfaces/srv/detail/dds_fastrtps
[4.693s] -- Up-to-date: /home/robot/ros_ws/install/select_table_interfaces/include/select_table_interfaces/select_table_interfaces/msg
[4.693s] -- Installing: /home/robot/ros_ws/install/select_table_interfaces/include/select_table_interfaces/select_table_interfaces/msg/rosidl_typesupport_fastrtps_cpp__visibility_control.h
[4.693s] -- Installing: /home/robot/ros_ws/install/select_table_interfaces/lib/libselect_table_interfaces__rosidl_typesupport_fastrtps_cpp.so
[4.693s] -- Set runtime path of "/home/robot/ros_ws/install/select_table_interfaces/lib/libselect_table_interfaces__rosidl_typesupport_fastrtps_cpp.so" to ""
[4.694s] -- Up-to-date: /home/robot/ros_ws/install/select_table_interfaces/include/select_table_interfaces/select_table_interfaces
[4.694s] -- Up-to-date: /home/robot/ros_ws/install/select_table_interfaces/include/select_table_interfaces/select_table_interfaces/srv
[4.694s] -- Up-to-date: /home/robot/ros_ws/install/select_table_interfaces/include/select_table_interfaces/select_table_interfaces/srv/detail
[4.694s] -- Installing: /home/robot/ros_ws/install/select_table_interfaces/include/select_table_interfaces/select_table_interfaces/srv/detail/table_select__rosidl_typesupport_introspection_cpp.hpp
[4.694s] -- Installing: /home/robot/ros_ws/install/select_table_interfaces/include/select_table_interfaces/select_table_interfaces/srv/detail/table_select__type_support.cpp
[4.694s] -- Installing: /home/robot/ros_ws/install/select_table_interfaces/lib/libselect_table_interfaces__rosidl_typesupport_introspection_cpp.so
[4.694s] -- Set runtime path of "/home/robot/ros_ws/install/select_table_interfaces/lib/libselect_table_interfaces__rosidl_typesupport_introspection_cpp.so" to ""
[4.694s] -- Installing: /home/robot/ros_ws/install/select_table_interfaces/lib/libselect_table_interfaces__rosidl_typesupport_cpp.so
[4.695s] -- Set runtime path of "/home/robot/ros_ws/install/select_table_interfaces/lib/libselect_table_interfaces__rosidl_typesupport_cpp.so" to ""
[4.695s] -- Installing: /home/robot/ros_ws/install/select_table_interfaces/share/select_table_interfaces/environment/pythonpath.sh
[4.695s] -- Installing: /home/robot/ros_ws/install/select_table_interfaces/share/select_table_interfaces/environment/pythonpath.dsv
[4.695s] -- Installing: /home/robot/ros_ws/install/select_table_interfaces/local/lib/python3.10/dist-packages/select_table_interfaces-0.0.0-py3.10.egg-info
[4.695s] -- Installing: /home/robot/ros_ws/install/select_table_interfaces/local/lib/python3.10/dist-packages/select_table_interfaces-0.0.0-py3.10.egg-info/PKG-INFO
[4.695s] -- Installing: /home/robot/ros_ws/install/select_table_interfaces/local/lib/python3.10/dist-packages/select_table_interfaces-0.0.0-py3.10.egg-info/top_level.txt
[4.696s] -- Installing: /home/robot/ros_ws/install/select_table_interfaces/local/lib/python3.10/dist-packages/select_table_interfaces-0.0.0-py3.10.egg-info/SOURCES.txt
[4.696s] -- Installing: /home/robot/ros_ws/install/select_table_interfaces/local/lib/python3.10/dist-packages/select_table_interfaces-0.0.0-py3.10.egg-info/dependency_links.txt
[4.696s] -- Installing: /home/robot/ros_ws/install/select_table_interfaces/local/lib/python3.10/dist-packages/select_table_interfaces
[4.696s] -- Installing: /home/robot/ros_ws/install/select_table_interfaces/local/lib/python3.10/dist-packages/select_table_interfaces/select_table_interfaces_s__rosidl_typesupport_fastrtps_c.cpython-310-x86_64-linux-gnu.so
[4.696s] -- Installing: /home/robot/ros_ws/install/select_table_interfaces/local/lib/python3.10/dist-packages/select_table_interfaces/select_table_interfaces_s__rosidl_typesupport_introspection_c.cpython-310-x86_64-linux-gnu.so
[4.696s] -- Installing: /home/robot/ros_ws/install/select_table_interfaces/local/lib/python3.10/dist-packages/select_table_interfaces/srv
[4.696s] -- Installing: /home/robot/ros_ws/install/select_table_interfaces/local/lib/python3.10/dist-packages/select_table_interfaces/srv/_table_select.py
[4.696s] -- Installing: /home/robot/ros_ws/install/select_table_interfaces/local/lib/python3.10/dist-packages/select_table_interfaces/srv/_table_select_s.c
[4.697s] -- Installing: /home/robot/ros_ws/install/select_table_interfaces/local/lib/python3.10/dist-packages/select_table_interfaces/srv/__init__.py
[4.697s] -- Installing: /home/robot/ros_ws/install/select_table_interfaces/local/lib/python3.10/dist-packages/select_table_interfaces/select_table_interfaces_s__rosidl_typesupport_c.cpython-310-x86_64-linux-gnu.so
[4.697s] -- Installing: /home/robot/ros_ws/install/select_table_interfaces/local/lib/python3.10/dist-packages/select_table_interfaces/_select_table_interfaces_s.ep.rosidl_typesupport_introspection_c.c
[4.697s] -- Installing: /home/robot/ros_ws/install/select_table_interfaces/local/lib/python3.10/dist-packages/select_table_interfaces/__init__.py
[4.697s] -- Installing: /home/robot/ros_ws/install/select_table_interfaces/local/lib/python3.10/dist-packages/select_table_interfaces/_select_table_interfaces_s.ep.rosidl_typesupport_c.c
[4.697s] -- Installing: /home/robot/ros_ws/install/select_table_interfaces/local/lib/python3.10/dist-packages/select_table_interfaces/libselect_table_interfaces__rosidl_generator_py.so
[4.697s] -- Installing: /home/robot/ros_ws/install/select_table_interfaces/local/lib/python3.10/dist-packages/select_table_interfaces/_select_table_interfaces_s.ep.rosidl_typesupport_fastrtps_c.c
[4.726s] Listing '/home/robot/ros_ws/install/select_table_interfaces/local/lib/python3.10/dist-packages/select_table_interfaces'...
[4.726s] Compiling '/home/robot/ros_ws/install/select_table_interfaces/local/lib/python3.10/dist-packages/select_table_interfaces/__init__.py'...
[4.726s] Listing '/home/robot/ros_ws/install/select_table_interfaces/local/lib/python3.10/dist-packages/select_table_interfaces/srv'...
[4.726s] Compiling '/home/robot/ros_ws/install/select_table_interfaces/local/lib/python3.10/dist-packages/select_table_interfaces/srv/__init__.py'...
[4.726s] Compiling '/home/robot/ros_ws/install/select_table_interfaces/local/lib/python3.10/dist-packages/select_table_interfaces/srv/_table_select.py'...
[4.729s] -- Installing: /home/robot/ros_ws/install/select_table_interfaces/local/lib/python3.10/dist-packages/select_table_interfaces/select_table_interfaces_s__rosidl_typesupport_fastrtps_c.cpython-310-x86_64-linux-gnu.so
[4.729s] -- Set runtime path of "/home/robot/ros_ws/install/select_table_interfaces/local/lib/python3.10/dist-packages/select_table_interfaces/select_table_interfaces_s__rosidl_typesupport_fastrtps_c.cpython-310-x86_64-linux-gnu.so" to ""
[4.730s] -- Installing: /home/robot/ros_ws/install/select_table_interfaces/local/lib/python3.10/dist-packages/select_table_interfaces/select_table_interfaces_s__rosidl_typesupport_introspection_c.cpython-310-x86_64-linux-gnu.so
[4.730s] -- Set runtime path of "/home/robot/ros_ws/install/select_table_interfaces/local/lib/python3.10/dist-packages/select_table_interfaces/select_table_interfaces_s__rosidl_typesupport_introspection_c.cpython-310-x86_64-linux-gnu.so" to ""
[4.731s] -- Installing: /home/robot/ros_ws/install/select_table_interfaces/local/lib/python3.10/dist-packages/select_table_interfaces/select_table_interfaces_s__rosidl_typesupport_c.cpython-310-x86_64-linux-gnu.so
[4.731s] -- Set runtime path of "/home/robot/ros_ws/install/select_table_interfaces/local/lib/python3.10/dist-packages/select_table_interfaces/select_table_interfaces_s__rosidl_typesupport_c.cpython-310-x86_64-linux-gnu.so" to ""
[4.731s] -- Installing: /home/robot/ros_ws/install/select_table_interfaces/lib/libselect_table_interfaces__rosidl_generator_py.so
[4.731s] -- Set runtime path of "/home/robot/ros_ws/install/select_table_interfaces/lib/libselect_table_interfaces__rosidl_generator_py.so" to ""
[4.732s] -- Installing: /home/robot/ros_ws/install/select_table_interfaces/share/select_table_interfaces/srv/TableSelect.idl
[4.732s] -- Installing: /home/robot/ros_ws/install/select_table_interfaces/share/select_table_interfaces/srv/TableSelect.srv
[4.732s] -- Installing: /home/robot/ros_ws/install/select_table_interfaces/share/select_table_interfaces/srv/TableSelect_Request.msg
[4.732s] -- Installing: /home/robot/ros_ws/install/select_table_interfaces/share/select_table_interfaces/srv/TableSelect_Response.msg
[4.732s] -- Installing: /home/robot/ros_ws/install/select_table_interfaces/share/ament_index/resource_index/package_run_dependencies/select_table_interfaces
[4.732s] -- Installing: /home/robot/ros_ws/install/select_table_interfaces/share/ament_index/resource_index/parent_prefix_path/select_table_interfaces
[4.733s] -- Installing: /home/robot/ros_ws/install/select_table_interfaces/share/select_table_interfaces/environment/ament_prefix_path.sh
[4.733s] -- Installing: /home/robot/ros_ws/install/select_table_interfaces/share/select_table_interfaces/environment/ament_prefix_path.dsv
[4.733s] -- Installing: /home/robot/ros_ws/install/select_table_interfaces/share/select_table_interfaces/environment/path.sh
[4.733s] -- Installing: /home/robot/ros_ws/install/select_table_interfaces/share/select_table_interfaces/environment/path.dsv
[4.733s] -- Installing: /home/robot/ros_ws/install/select_table_interfaces/share/select_table_interfaces/local_setup.bash
[4.733s] -- Installing: /home/robot/ros_ws/install/select_table_interfaces/share/select_table_interfaces/local_setup.sh
[4.733s] -- Installing: /home/robot/ros_ws/install/select_table_interfaces/share/select_table_interfaces/local_setup.zsh
[4.734s] -- Installing: /home/robot/ros_ws/install/select_table_interfaces/share/select_table_interfaces/local_setup.dsv
[4.734s] -- Installing: /home/robot/ros_ws/install/select_table_interfaces/share/select_table_interfaces/package.dsv
[4.734s] -- Installing: /home/robot/ros_ws/install/select_table_interfaces/share/ament_index/resource_index/packages/select_table_interfaces
[4.734s] -- Installing: /home/robot/ros_ws/install/select_table_interfaces/share/select_table_interfaces/cmake/export_select_table_interfaces__rosidl_generator_cExport.cmake
[4.734s] -- Installing: /home/robot/ros_ws/install/select_table_interfaces/share/select_table_interfaces/cmake/export_select_table_interfaces__rosidl_generator_cExport-noconfig.cmake
[4.735s] -- Installing: /home/robot/ros_ws/install/select_table_interfaces/share/select_table_interfaces/cmake/export_select_table_interfaces__rosidl_typesupport_fastrtps_cExport.cmake
[4.735s] -- Installing: /home/robot/ros_ws/install/select_table_interfaces/share/select_table_interfaces/cmake/export_select_table_interfaces__rosidl_typesupport_fastrtps_cExport-noconfig.cmake
[4.735s] -- Installing: /home/robot/ros_ws/install/select_table_interfaces/share/select_table_interfaces/cmake/select_table_interfaces__rosidl_typesupport_introspection_cExport.cmake
[4.735s] -- Installing: /home/robot/ros_ws/install/select_table_interfaces/share/select_table_interfaces/cmake/select_table_interfaces__rosidl_typesupport_introspection_cExport-noconfig.cmake
[4.735s] -- Installing: /home/robot/ros_ws/install/select_table_interfaces/share/select_table_interfaces/cmake/select_table_interfaces__rosidl_typesupport_cExport.cmake
[4.735s] -- Installing: /home/robot/ros_ws/install/select_table_interfaces/share/select_table_interfaces/cmake/select_table_interfaces__rosidl_typesupport_cExport-noconfig.cmake
[4.735s] -- Installing: /home/robot/ros_ws/install/select_table_interfaces/share/select_table_interfaces/cmake/export_select_table_interfaces__rosidl_generator_cppExport.cmake
[4.736s] -- Installing: /home/robot/ros_ws/install/select_table_interfaces/share/select_table_interfaces/cmake/export_select_table_interfaces__rosidl_typesupport_fastrtps_cppExport.cmake
[4.736s] -- Installing: /home/robot/ros_ws/install/select_table_interfaces/share/select_table_interfaces/cmake/export_select_table_interfaces__rosidl_typesupport_fastrtps_cppExport-noconfig.cmake
[4.736s] -- Installing: /home/robot/ros_ws/install/select_table_interfaces/share/select_table_interfaces/cmake/select_table_interfaces__rosidl_typesupport_introspection_cppExport.cmake
[4.736s] -- Installing: /home/robot/ros_ws/install/select_table_interfaces/share/select_table_interfaces/cmake/select_table_interfaces__rosidl_typesupport_introspection_cppExport-noconfig.cmake
[4.736s] -- Installing: /home/robot/ros_ws/install/select_table_interfaces/share/select_table_interfaces/cmake/select_table_interfaces__rosidl_typesupport_cppExport.cmake
[4.736s] -- Installing: /home/robot/ros_ws/install/select_table_interfaces/share/select_table_interfaces/cmake/select_table_interfaces__rosidl_typesupport_cppExport-noconfig.cmake
[4.737s] -- Installing: /home/robot/ros_ws/install/select_table_interfaces/share/select_table_interfaces/cmake/export_select_table_interfaces__rosidl_generator_pyExport.cmake
[4.737s] -- Installing: /home/robot/ros_ws/install/select_table_interfaces/share/select_table_interfaces/cmake/export_select_table_interfaces__rosidl_generator_pyExport-noconfig.cmake
[4.737s] -- Installing: /home/robot/ros_ws/install/select_table_interfaces/share/select_table_interfaces/cmake/rosidl_cmake-extras.cmake
[4.737s] -- Installing: /home/robot/ros_ws/install/select_table_interfaces/share/select_table_interfaces/cmake/ament_cmake_export_dependencies-extras.cmake
[4.737s] -- Installing: /home/robot/ros_ws/install/select_table_interfaces/share/select_table_interfaces/cmake/ament_cmake_export_include_directories-extras.cmake
[4.738s] -- Installing: /home/robot/ros_ws/install/select_table_interfaces/share/select_table_interfaces/cmake/ament_cmake_export_libraries-extras.cmake
[4.738s] -- Installing: /home/robot/ros_ws/install/select_table_interfaces/share/select_table_interfaces/cmake/ament_cmake_export_targets-extras.cmake
[4.738s] -- Installing: /home/robot/ros_ws/install/select_table_interfaces/share/select_table_interfaces/cmake/rosidl_cmake_export_typesupport_targets-extras.cmake
[4.738s] -- Installing: /home/robot/ros_ws/install/select_table_interfaces/share/select_table_interfaces/cmake/rosidl_cmake_export_typesupport_libraries-extras.cmake
[4.738s] -- Installing: /home/robot/ros_ws/install/select_table_interfaces/share/select_table_interfaces/cmake/select_table_interfacesConfig.cmake
[4.738s] -- Installing: /home/robot/ros_ws/install/select_table_interfaces/share/select_table_interfaces/cmake/select_table_interfacesConfig-version.cmake
[4.739s] -- Installing: /home/robot/ros_ws/install/select_table_interfaces/share/select_table_interfaces/package.xml
[4.742s] Invoked command in '/home/robot/ros_ws/build/select_table_interfaces' returned '0': CMAKE_PREFIX_PATH=${CMAKE_PREFIX_PATH}:/opt/ros_dependencies/install/ros_environment:/opt/ros/humble /usr/bin/cmake --install /home/robot/ros_ws/build/select_table_interfaces
