running egg_info
writing ../../build/pkg_website_beerpong/pkg_website_beerpong.egg-info/PKG-INFO
writing dependency_links to ../../build/pkg_website_beerpong/pkg_website_beerpong.egg-info/dependency_links.txt
writing entry points to ../../build/pkg_website_beerpong/pkg_website_beerpong.egg-info/entry_points.txt
writing requirements to ../../build/pkg_website_beerpong/pkg_website_beerpong.egg-info/requires.txt
writing top-level names to ../../build/pkg_website_beerpong/pkg_website_beerpong.egg-info/top_level.txt
reading manifest file '../../build/pkg_website_beerpong/pkg_website_beerpong.egg-info/SOURCES.txt'
adding license file 'LICENSE'
/usr/lib/python3/dist-packages/setuptools/command/install.py:34: SetuptoolsDeprecationWarning: setup.py install is deprecated. Use build and pip and other standards-based tools.
  warnings.warn(
writing manifest file '../../build/pkg_website_beerpong/pkg_website_beerpong.egg-info/SOURCES.txt'
running build
running build_py
copying pkg_website_beerpong/app.py -> /home/robot/ros_ws/build/pkg_website_beerpong/build/lib/pkg_website_beerpong
copying pkg_website_beerpong/SelectTableServer.py -> /home/robot/ros_ws/build/pkg_website_beerpong/build/lib/pkg_website_beerpong
running install
running install_lib
copying /home/robot/ros_ws/build/pkg_website_beerpong/build/lib/pkg_website_beerpong/app.py -> /home/robot/ros_ws/install/pkg_website_beerpong/lib/python3.10/site-packages/pkg_website_beerpong
copying /home/robot/ros_ws/build/pkg_website_beerpong/build/lib/pkg_website_beerpong/SelectTableServer.py -> /home/robot/ros_ws/install/pkg_website_beerpong/lib/python3.10/site-packages/pkg_website_beerpong
byte-compiling /home/robot/ros_ws/install/pkg_website_beerpong/lib/python3.10/site-packages/pkg_website_beerpong/app.py to app.cpython-310.pyc
byte-compiling /home/robot/ros_ws/install/pkg_website_beerpong/lib/python3.10/site-packages/pkg_website_beerpong/SelectTableServer.py to SelectTableServer.cpython-310.pyc
running install_data
running install_egg_info
removing '/home/robot/ros_ws/install/pkg_website_beerpong/lib/python3.10/site-packages/pkg_website_beerpong-0.0.0-py3.10.egg-info' (and everything under it)
Copying ../../build/pkg_website_beerpong/pkg_website_beerpong.egg-info to /home/robot/ros_ws/install/pkg_website_beerpong/lib/python3.10/site-packages/pkg_website_beerpong-0.0.0-py3.10.egg-info
running install_scripts
Installing website_beerpong script to /home/robot/ros_ws/install/pkg_website_beerpong/lib/pkg_website_beerpong
writing list of installed files to '/home/robot/ros_ws/build/pkg_website_beerpong/install.log'
