[0.786s] Invoking command in '/home/robot/ros_ws/src/pkg_website_beerpong': AMENT_PREFIX_PATH=/home/robot/ros_ws/install/select_table_interfaces:${AMENT_PREFIX_PATH} CMAKE_PREFIX_PATH=/home/robot/ros_ws/install/select_table_interfaces:${CMAKE_PREFIX_PATH} LD_LIBRARY_PATH=/home/robot/ros_ws/install/select_table_interfaces/lib:${LD_LIBRARY_PATH} PYTHONPATH=/home/robot/ros_ws/build/pkg_website_beerpong/prefix_override:/home/robot/ros_ws/install/pkg_website_beerpong/lib/python3.10/site-packages:/home/robot/ros_ws/install/select_table_interfaces/local/lib/python3.10/dist-packages:${PYTHONPATH} /usr/bin/python3 setup.py egg_info --egg-base ../../build/pkg_website_beerpong build --build-base /home/robot/ros_ws/build/pkg_website_beerpong/build install --record /home/robot/ros_ws/build/pkg_website_beerpong/install.log --single-version-externally-managed
[1.071s] running egg_info
[1.071s] writing ../../build/pkg_website_beerpong/pkg_website_beerpong.egg-info/PKG-INFO
[1.071s] writing dependency_links to ../../build/pkg_website_beerpong/pkg_website_beerpong.egg-info/dependency_links.txt
[1.072s] writing entry points to ../../build/pkg_website_beerpong/pkg_website_beerpong.egg-info/entry_points.txt
[1.072s] writing requirements to ../../build/pkg_website_beerpong/pkg_website_beerpong.egg-info/requires.txt
[1.072s] writing top-level names to ../../build/pkg_website_beerpong/pkg_website_beerpong.egg-info/top_level.txt
[1.075s] reading manifest file '../../build/pkg_website_beerpong/pkg_website_beerpong.egg-info/SOURCES.txt'
[1.075s] adding license file 'LICENSE'
[1.077s] /usr/lib/python3/dist-packages/setuptools/command/install.py:34: SetuptoolsDeprecationWarning: setup.py install is deprecated. Use build and pip and other standards-based tools.
[1.077s]   warnings.warn(
[1.088s] writing manifest file '../../build/pkg_website_beerpong/pkg_website_beerpong.egg-info/SOURCES.txt'
[1.088s] running build
[1.088s] running build_py
[1.088s] copying pkg_website_beerpong/app.py -> /home/robot/ros_ws/build/pkg_website_beerpong/build/lib/pkg_website_beerpong
[1.088s] copying pkg_website_beerpong/SelectTableServer.py -> /home/robot/ros_ws/build/pkg_website_beerpong/build/lib/pkg_website_beerpong
[1.088s] running install
[1.088s] running install_lib
[1.088s] copying /home/robot/ros_ws/build/pkg_website_beerpong/build/lib/pkg_website_beerpong/app.py -> /home/robot/ros_ws/install/pkg_website_beerpong/lib/python3.10/site-packages/pkg_website_beerpong
[1.088s] copying /home/robot/ros_ws/build/pkg_website_beerpong/build/lib/pkg_website_beerpong/SelectTableServer.py -> /home/robot/ros_ws/install/pkg_website_beerpong/lib/python3.10/site-packages/pkg_website_beerpong
[1.088s] byte-compiling /home/robot/ros_ws/install/pkg_website_beerpong/lib/python3.10/site-packages/pkg_website_beerpong/app.py to app.cpython-310.pyc
[1.089s] byte-compiling /home/robot/ros_ws/install/pkg_website_beerpong/lib/python3.10/site-packages/pkg_website_beerpong/SelectTableServer.py to SelectTableServer.cpython-310.pyc
[1.089s] running install_data
[1.089s] running install_egg_info
[1.089s] removing '/home/robot/ros_ws/install/pkg_website_beerpong/lib/python3.10/site-packages/pkg_website_beerpong-0.0.0-py3.10.egg-info' (and everything under it)
[1.089s] Copying ../../build/pkg_website_beerpong/pkg_website_beerpong.egg-info to /home/robot/ros_ws/install/pkg_website_beerpong/lib/python3.10/site-packages/pkg_website_beerpong-0.0.0-py3.10.egg-info
[1.089s] running install_scripts
[1.111s] Installing website_beerpong script to /home/robot/ros_ws/install/pkg_website_beerpong/lib/pkg_website_beerpong
[1.111s] writing list of installed files to '/home/robot/ros_ws/build/pkg_website_beerpong/install.log'
[1.139s] Invoked command in '/home/robot/ros_ws/src/pkg_website_beerpong' returned '0': AMENT_PREFIX_PATH=/home/robot/ros_ws/install/select_table_interfaces:${AMENT_PREFIX_PATH} CMAKE_PREFIX_PATH=/home/robot/ros_ws/install/select_table_interfaces:${CMAKE_PREFIX_PATH} LD_LIBRARY_PATH=/home/robot/ros_ws/install/select_table_interfaces/lib:${LD_LIBRARY_PATH} PYTHONPATH=/home/robot/ros_ws/build/pkg_website_beerpong/prefix_override:/home/robot/ros_ws/install/pkg_website_beerpong/lib/python3.10/site-packages:/home/robot/ros_ws/install/select_table_interfaces/local/lib/python3.10/dist-packages:${PYTHONPATH} /usr/bin/python3 setup.py egg_info --egg-base ../../build/pkg_website_beerpong build --build-base /home/robot/ros_ws/build/pkg_website_beerpong/build install --record /home/robot/ros_ws/build/pkg_website_beerpong/install.log --single-version-externally-managed
