running egg_info
writing ../../build/r2e_tutorial/r2e_tutorial.egg-info/PKG-INFO
writing dependency_links to ../../build/r2e_tutorial/r2e_tutorial.egg-info/dependency_links.txt
writing entry points to ../../build/r2e_tutorial/r2e_tutorial.egg-info/entry_points.txt
writing requirements to ../../build/r2e_tutorial/r2e_tutorial.egg-info/requires.txt
writing top-level names to ../../build/r2e_tutorial/r2e_tutorial.egg-info/top_level.txt
reading manifest file '../../build/r2e_tutorial/r2e_tutorial.egg-info/SOURCES.txt'
writing manifest file '../../build/r2e_tutorial/r2e_tutorial.egg-info/SOURCES.txt'
running build
/usr/lib/python3/dist-packages/setuptools/command/install.py:34: SetuptoolsDeprecationWarning: setup.py install is deprecated. Use build and pip and other standards-based tools.
  warnings.warn(
running build_py
running install
running install_lib
running install_data
running install_egg_info
removing '/home/robot/ros_ws/install/r2e_tutorial/lib/python3.10/site-packages/r2e_tutorial-0.0.0-py3.10.egg-info' (and everything under it)
Copying ../../build/r2e_tutorial/r2e_tutorial.egg-info to /home/robot/ros_ws/install/r2e_tutorial/lib/python3.10/site-packages/r2e_tutorial-0.0.0-py3.10.egg-info
running install_scripts
Installing example script to /home/robot/ros_ws/install/r2e_tutorial/lib/r2e_tutorial
Installing house script to /home/robot/ros_ws/install/r2e_tutorial/lib/r2e_tutorial
writing list of installed files to '/home/robot/ros_ws/build/r2e_tutorial/install.log'
