[0.949s] Invoking command in '/home/robot/ros_ws/src/r2e_tutorial': PYTHONPATH=/home/robot/ros_ws/build/r2e_tutorial/prefix_override:/home/robot/ros_ws/install/r2e_tutorial/lib/python3.10/site-packages:${PYTHONPATH} /usr/bin/python3 setup.py egg_info --egg-base ../../build/r2e_tutorial build --build-base /home/robot/ros_ws/build/r2e_tutorial/build install --record /home/robot/ros_ws/build/r2e_tutorial/install.log --single-version-externally-managed
[1.258s] running egg_info
[1.258s] writing ../../build/r2e_tutorial/r2e_tutorial.egg-info/PKG-INFO
[1.259s] writing dependency_links to ../../build/r2e_tutorial/r2e_tutorial.egg-info/dependency_links.txt
[1.260s] writing entry points to ../../build/r2e_tutorial/r2e_tutorial.egg-info/entry_points.txt
[1.260s] writing requirements to ../../build/r2e_tutorial/r2e_tutorial.egg-info/requires.txt
[1.260s] writing top-level names to ../../build/r2e_tutorial/r2e_tutorial.egg-info/top_level.txt
[1.262s] reading manifest file '../../build/r2e_tutorial/r2e_tutorial.egg-info/SOURCES.txt'
[1.266s] writing manifest file '../../build/r2e_tutorial/r2e_tutorial.egg-info/SOURCES.txt'
[1.266s] running build
[1.267s] /usr/lib/python3/dist-packages/setuptools/command/install.py:34: SetuptoolsDeprecationWarning: setup.py install is deprecated. Use build and pip and other standards-based tools.
[1.267s]   warnings.warn(
[1.268s] running build_py
[1.269s] running install
[1.269s] running install_lib
[1.269s] running install_data
[1.269s] running install_egg_info
[1.269s] removing '/home/robot/ros_ws/install/r2e_tutorial/lib/python3.10/site-packages/r2e_tutorial-0.0.0-py3.10.egg-info' (and everything under it)
[1.269s] Copying ../../build/r2e_tutorial/r2e_tutorial.egg-info to /home/robot/ros_ws/install/r2e_tutorial/lib/python3.10/site-packages/r2e_tutorial-0.0.0-py3.10.egg-info
[1.270s] running install_scripts
[1.301s] Installing example script to /home/robot/ros_ws/install/r2e_tutorial/lib/r2e_tutorial
[1.301s] Installing house script to /home/robot/ros_ws/install/r2e_tutorial/lib/r2e_tutorial
[1.301s] writing list of installed files to '/home/robot/ros_ws/build/r2e_tutorial/install.log'
[1.471s] Invoked command in '/home/robot/ros_ws/src/r2e_tutorial' returned '0': PYTHONPATH=/home/robot/ros_ws/build/r2e_tutorial/prefix_override:/home/robot/ros_ws/install/r2e_tutorial/lib/python3.10/site-packages:${PYTHONPATH} /usr/bin/python3 setup.py egg_info --egg-base ../../build/r2e_tutorial build --build-base /home/robot/ros_ws/build/r2e_tutorial/build install --record /home/robot/ros_ws/build/r2e_tutorial/install.log --single-version-externally-managed
