[0.907s] Invoking command in '/home/robot/ros_ws/src/pkg_website_beerpong': PYTHONPATH=/home/robot/ros_ws/build/pkg_website_beerpong/prefix_override:/home/robot/ros_ws/install/pkg_website_beerpong/lib/python3.10/site-packages:${PYTHONPATH} /usr/bin/python3 setup.py egg_info --egg-base ../../build/pkg_website_beerpong build --build-base /home/robot/ros_ws/build/pkg_website_beerpong/build install --record /home/robot/ros_ws/build/pkg_website_beerpong/install.log --single-version-externally-managed
[1.231s] running egg_info
[1.235s] writing ../../build/pkg_website_beerpong/pkg_website_beerpong.egg-info/PKG-INFO
[1.235s] writing dependency_links to ../../build/pkg_website_beerpong/pkg_website_beerpong.egg-info/dependency_links.txt
[1.235s] writing entry points to ../../build/pkg_website_beerpong/pkg_website_beerpong.egg-info/entry_points.txt
[1.235s] writing requirements to ../../build/pkg_website_beerpong/pkg_website_beerpong.egg-info/requires.txt
[1.235s] writing top-level names to ../../build/pkg_website_beerpong/pkg_website_beerpong.egg-info/top_level.txt
[1.241s] reading manifest file '../../build/pkg_website_beerpong/pkg_website_beerpong.egg-info/SOURCES.txt'
[1.241s] adding license file 'LICENSE'
[1.241s] writing manifest file '../../build/pkg_website_beerpong/pkg_website_beerpong.egg-info/SOURCES.txt'
[1.243s] running build
[1.244s] running build_py
[1.244s] copying pkg_website_beerpong/SelectTableServer.py -> /home/robot/ros_ws/build/pkg_website_beerpong/build/lib/pkg_website_beerpong
[1.244s] running install
[1.245s] /usr/lib/python3/dist-packages/setuptools/command/install.py:34: SetuptoolsDeprecationWarning: setup.py install is deprecated. Use build and pip and other standards-based tools.
[1.246s]   warnings.warn(
[1.246s] running install_lib
[1.247s] copying /home/robot/ros_ws/build/pkg_website_beerpong/build/lib/pkg_website_beerpong/app.py -> /home/robot/ros_ws/install/pkg_website_beerpong/lib/python3.10/site-packages/pkg_website_beerpong
[1.247s] copying /home/robot/ros_ws/build/pkg_website_beerpong/build/lib/pkg_website_beerpong/SelectTableServer.py -> /home/robot/ros_ws/install/pkg_website_beerpong/lib/python3.10/site-packages/pkg_website_beerpong
[1.247s] byte-compiling /home/robot/ros_ws/install/pkg_website_beerpong/lib/python3.10/site-packages/pkg_website_beerpong/app.py to app.cpython-310.pyc
[1.250s] byte-compiling /home/robot/ros_ws/install/pkg_website_beerpong/lib/python3.10/site-packages/pkg_website_beerpong/SelectTableServer.py to SelectTableServer.cpython-310.pyc
[1.251s] running install_data
[1.253s] running install_egg_info
[1.257s] removing '/home/robot/ros_ws/install/pkg_website_beerpong/lib/python3.10/site-packages/pkg_website_beerpong-0.0.0-py3.10.egg-info' (and everything under it)
[1.258s] Copying ../../build/pkg_website_beerpong/pkg_website_beerpong.egg-info to /home/robot/ros_ws/install/pkg_website_beerpong/lib/python3.10/site-packages/pkg_website_beerpong-0.0.0-py3.10.egg-info
[1.261s] running install_scripts
[1.292s] Installing website_beerpong script to /home/robot/ros_ws/install/pkg_website_beerpong/lib/pkg_website_beerpong
[1.294s] writing list of installed files to '/home/robot/ros_ws/build/pkg_website_beerpong/install.log'
[1.345s] Invoked command in '/home/robot/ros_ws/src/pkg_website_beerpong' returned '0': PYTHONPATH=/home/robot/ros_ws/build/pkg_website_beerpong/prefix_override:/home/robot/ros_ws/install/pkg_website_beerpong/lib/python3.10/site-packages:${PYTHONPATH} /usr/bin/python3 setup.py egg_info --egg-base ../../build/pkg_website_beerpong build --build-base /home/robot/ros_ws/build/pkg_website_beerpong/build install --record /home/robot/ros_ws/build/pkg_website_beerpong/install.log --single-version-externally-managed
